/cmlscratch/xliu1231/anaconda3/lib/python3.7/site-packages/torch/distributed/launch.py:186: FutureWarning: The module torch.distributed.launch is deprecated
and will be removed in future. Use torchrun.
Note that --use_env is set by default in torchrun.
If your script expects `--local_rank` argument to be set, please
change it to read from `os.environ['LOCAL_RANK']` instead. See 
https://pytorch.org/docs/stable/distributed.html#launch-utility for 
further instructions

  FutureWarning,
WARNING:torch.distributed.run:
*****************************************
Setting OMP_NUM_THREADS environment variable for each process to be 1 in default, to avoid your system being overloaded, please further tune the variable for optimal performance in your application as needed. 
*****************************************
model: vae
dataset: CelebA
batch size is 128
Warning:  apex was installed without --cpp_ext.  Falling back to Python flatten and unflatten.
Warning:  apex was installed without --cpp_ext.  Falling back to Python flatten and unflatten.
Warning:  apex was installed without --cpp_ext.  Falling back to Python flatten and unflatten.
Warning:  apex was installed without --cpp_ext.  Falling back to Python flatten and unflatten.
# of training samples:  50688
