/cmlscratch/xliu1231/anaconda3/lib/python3.7/site-packages/torch/distributed/launch.py:186: FutureWarning: The module torch.distributed.launch is deprecated
and will be removed in future. Use torchrun.
Note that --use_env is set by default in torchrun.
If your script expects `--local_rank` argument to be set, please
change it to read from `os.environ['LOCAL_RANK']` instead. See 
https://pytorch.org/docs/stable/distributed.html#launch-utility for 
further instructions

  FutureWarning,
WARNING:torch.distributed.run:
*****************************************
Setting OMP_NUM_THREADS environment variable for each process to be 1 in default, to avoid your system being overloaded, please further tune the variable for optimal performance in your application as needed. 
*****************************************
model: vae
dataset: CelebA
batch size is 128
Warning:  apex was installed without --cpp_ext.  Falling back to Python flatten and unflatten.
Warning:  apex was installed without --cpp_ext.  Falling back to Python flatten and unflatten.Warning:  apex was installed without --cpp_ext.  Falling back to Python flatten and unflatten.

Warning:  apex was installed without --cpp_ext.  Falling back to Python flatten and unflatten.
# of training samples:  50688
Epoch: [0][10/396]	Time 2.125 (2.125)	Speed 240.971 (240.971)	Loss 0.77678 (0.7768)	
Epoch: [0][20/396]	Time 0.134 (1.130)	Speed 3811.283 (453.282)	Loss 0.69868 (0.7377)	
Epoch: [0][30/396]	Time 0.169 (0.809)	Speed 3037.593 (632.715)	Loss 0.59258 (0.6893)	
Epoch: [0][40/396]	Time 0.141 (0.642)	Speed 3626.314 (797.252)	Loss 0.53528 (0.6508)	
Epoch: [0][50/396]	Time 0.179 (0.550)	Speed 2865.227 (931.750)	Loss 0.50040 (0.6207)	
Epoch: [0][60/396]	Time 0.119 (0.478)	Speed 4298.798 (1071.645)	Loss 0.46730 (0.5952)	
Epoch: [0][70/396]	Time 0.207 (0.439)	Speed 2473.427 (1166.051)	Loss 0.43426 (0.5722)	
Epoch: [0][80/396]	Time 0.277 (0.419)	Speed 1845.560 (1222.306)	Loss 0.42487 (0.5538)	
Epoch: [0][90/396]	Time 0.633 (0.443)	Speed 809.128 (1156.678)	Loss 0.40961 (0.5378)	
Epoch: [0][100/396]	Time 0.424 (0.441)	Speed 1207.181 (1161.537)	Loss 0.40258 (0.5242)	
Epoch: [0][110/396]	Time 0.644 (0.459)	Speed 795.427 (1114.887)	Loss 0.38807 (0.5119)	
Epoch: [0][120/396]	Time 0.394 (0.454)	Speed 1300.167 (1128.286)	Loss 0.37951 (0.5008)	
Epoch: [0][130/396]	Time 0.617 (0.466)	Speed 830.081 (1097.945)	Loss 0.38341 (0.4918)	
Epoch: [0][140/396]	Time 0.441 (0.465)	Speed 1160.145 (1102.166)	Loss 0.36636 (0.4828)	
Epoch: [0][150/396]	Time 0.647 (0.477)	Speed 791.845 (1074.103)	Loss 0.36356 (0.4749)	
Epoch: [0][160/396]	Time 0.447 (0.475)	Speed 1146.611 (1078.365)	Loss 0.35566 (0.4674)	
Epoch: [0][170/396]	Time 0.629 (0.484)	Speed 814.333 (1058.183)	Loss 0.35757 (0.4610)	
Epoch: [0][180/396]	Time 0.415 (0.480)	Speed 1233.605 (1066.610)	Loss 0.34607 (0.4546)	
Epoch: [0][190/396]	Time 0.542 (0.483)	Speed 944.374 (1059.393)	Loss 0.34235 (0.4487)	
Epoch: [0][200/396]	Time 0.452 (0.482)	Speed 1133.335 (1062.860)	Loss 0.32062 (0.4423)	
Epoch: [0][210/396]	Time 0.599 (0.487)	Speed 854.851 (1050.686)	Loss 0.31021 (0.4360)	
Epoch: [0][220/396]	Time 0.415 (0.484)	Speed 1234.646 (1057.850)	Loss 0.29982 (0.4298)	
Epoch: [0][230/396]	Time 0.567 (0.488)	Speed 902.845 (1050.012)	Loss 0.29814 (0.4241)	
Epoch: [0][240/396]	Time 0.404 (0.484)	Speed 1268.353 (1057.598)	Loss 0.28301 (0.4182)	
Epoch: [0][250/396]	Time 0.586 (0.488)	Speed 873.151 (1048.736)	Loss 0.27519 (0.4125)	
Epoch: [0][260/396]	Time 0.407 (0.485)	Speed 1259.004 (1055.517)	Loss 0.26491 (0.4068)	
Epoch: [0][270/396]	Time 0.620 (0.490)	Speed 826.185 (1044.775)	Loss 0.25176 (0.4011)	
Epoch: [0][280/396]	Time 0.444 (0.488)	Speed 1153.604 (1048.307)	Loss 0.25076 (0.3957)	
Epoch: [0][290/396]	Time 0.596 (0.492)	Speed 859.508 (1040.427)	Loss 0.24092 (0.3904)	
Epoch: [0][300/396]	Time 0.402 (0.489)	Speed 1272.544 (1046.791)	Loss 0.24144 (0.3854)	
Epoch: [0][310/396]	Time 0.533 (0.491)	Speed 960.490 (1043.766)	Loss 0.23575 (0.3806)	
Epoch: [0][320/396]	Time 0.415 (0.488)	Speed 1233.314 (1048.803)	Loss 0.23099 (0.3759)	
Epoch: [0][330/396]	Time 0.594 (0.491)	Speed 861.250 (1041.928)	Loss 0.22365 (0.3713)	
Epoch: [0][340/396]	Time 0.391 (0.488)	Speed 1308.015 (1048.199)	Loss 0.22068 (0.3668)	
Epoch: [0][350/396]	Time 0.606 (0.492)	Speed 844.757 (1041.036)	Loss 0.21618 (0.3625)	
Epoch: [0][360/396]	Time 0.417 (0.490)	Speed 1226.617 (1045.430)	Loss 0.21403 (0.3584)	
Epoch: [0][370/396]	Time 0.535 (0.491)	Speed 957.566 (1042.843)	Loss 0.21036 (0.3544)	
Epoch: [0][380/396]	Time 0.484 (0.491)	Speed 1056.881 (1043.208)	Loss 0.20667 (0.3505)	
Epoch: [0][390/396]	Time 0.524 (0.492)	Speed 977.872 (1041.424)	Loss 0.20837 (0.3469)	
[Training] Epoch:0 total_time: 193.802
Epoch: [1][10/396]	Time 0.091 (0.091)	Speed 5617.419 (5617.419)	Loss 0.20114 (0.2011)	
Epoch: [1][20/396]	Time 0.073 (0.082)	Speed 6984.316 (6226.734)	Loss 0.20056 (0.2008)	
Epoch: [1][30/396]	Time 0.060 (0.075)	Speed 8526.626 (6841.890)	Loss 0.20201 (0.2012)	
Epoch: [1][40/396]	Time 0.074 (0.075)	Speed 6938.854 (6865.876)	Loss 0.19939 (0.2008)	
Epoch: [1][50/396]	Time 0.054 (0.071)	Speed 9409.341 (7258.277)	Loss 0.20089 (0.2008)	
Epoch: [1][60/396]	Time 0.071 (0.071)	Speed 7260.460 (7258.641)	Loss 0.18726 (0.1985)	
Epoch: [1][70/396]	Time 0.058 (0.069)	Speed 8825.650 (7447.544)	Loss 0.19149 (0.1975)	
Epoch: [1][80/396]	Time 0.071 (0.069)	Speed 7203.585 (7416.149)	Loss 0.18967 (0.1966)	
Epoch: [1][90/396]	Time 0.059 (0.068)	Speed 8641.994 (7534.906)	Loss 0.18239 (0.1950)	
Epoch: [1][100/396]	Time 0.071 (0.068)	Speed 7222.336 (7502.437)	Loss 0.18908 (0.1944)	
Epoch: [1][110/396]	Time 0.054 (0.067)	Speed 9500.778 (7648.690)	Loss 0.18619 (0.1936)	
Epoch: [1][120/396]	Time 0.072 (0.067)	Speed 7154.625 (7604.926)	Loss 0.18017 (0.1925)	
Epoch: [1][130/396]	Time 0.052 (0.066)	Speed 9848.435 (7740.567)	Loss 0.18266 (0.1918)	
Epoch: [1][140/396]	Time 0.075 (0.067)	Speed 6842.413 (7668.666)	Loss 0.18365 (0.1912)	
Epoch: [1][150/396]	Time 0.052 (0.066)	Speed 9887.153 (7785.122)	Loss 0.17769 (0.1903)	
Epoch: [1][160/396]	Time 0.075 (0.066)	Speed 6841.721 (7718.602)	Loss 0.17472 (0.1893)	
Epoch: [1][170/396]	Time 0.051 (0.065)	Speed 10129.702 (7828.207)	Loss 0.17523 (0.1885)	
Epoch: [1][180/396]	Time 0.072 (0.066)	Speed 7078.175 (7782.393)	Loss 0.17405 (0.1877)	
Epoch: [1][190/396]	Time 0.058 (0.065)	Speed 8844.009 (7831.873)	Loss 0.17116 (0.1868)	
Epoch: [1][200/396]	Time 0.072 (0.066)	Speed 7111.619 (7792.413)	Loss 0.17368 (0.1862)	
Epoch: [1][210/396]	Time 0.050 (0.065)	Speed 10236.125 (7882.018)	Loss 0.17197 (0.1855)	
Epoch: [1][220/396]	Time 0.075 (0.065)	Speed 6867.245 (7829.429)	Loss 0.16688 (0.1846)	
Epoch: [1][230/396]	Time 0.053 (0.065)	Speed 9628.935 (7893.568)	Loss 0.16955 (0.1840)	
Epoch: [1][240/396]	Time 0.071 (0.065)	Speed 7207.095 (7862.364)	Loss 0.16983 (0.1834)	
Epoch: [1][250/396]	Time 0.053 (0.065)	Speed 9616.018 (7920.140)	Loss 0.16700 (0.1827)	
Epoch: [1][260/396]	Time 0.071 (0.065)	Speed 7181.540 (7888.934)	Loss 0.17021 (0.1823)	
Epoch: [1][270/396]	Time 0.056 (0.065)	Speed 9096.146 (7927.903)	Loss 0.17063 (0.1818)	
Epoch: [1][280/396]	Time 0.068 (0.065)	Speed 7493.263 (7911.514)	Loss 0.16937 (0.1814)	
Epoch: [1][290/396]	Time 0.059 (0.065)	Speed 8615.035 (7933.855)	Loss 0.16475 (0.1808)	
Epoch: [1][300/396]	Time 0.065 (0.065)	Speed 7926.903 (7933.623)	Loss 0.16513 (0.1803)	
Epoch: [1][310/396]	Time 0.062 (0.064)	Speed 8229.657 (7942.840)	Loss 0.16352 (0.1797)	
Epoch: [1][320/396]	Time 0.072 (0.065)	Speed 7159.400 (7915.771)	Loss 0.16390 (0.1792)	
Epoch: [1][330/396]	Time 0.055 (0.064)	Speed 9291.804 (7951.454)	Loss 0.16438 (0.1788)	
Epoch: [1][340/396]	Time 0.072 (0.065)	Speed 7145.776 (7925.173)	Loss 0.16437 (0.1784)	
Epoch: [1][350/396]	Time 0.057 (0.064)	Speed 8978.938 (7951.836)	Loss 0.16248 (0.1779)	
Epoch: [1][360/396]	Time 0.069 (0.065)	Speed 7428.485 (7936.305)	Loss 0.15637 (0.1773)	
Epoch: [1][370/396]	Time 0.054 (0.064)	Speed 9521.402 (7972.175)	Loss 0.16458 (0.1770)	
Epoch: [1][380/396]	Time 0.072 (0.064)	Speed 7160.315 (7948.458)	Loss 0.15804 (0.1765)	
Epoch: [1][390/396]	Time 0.051 (0.064)	Speed 10000.273 (7990.496)	Loss 0.15709 (0.1760)	
[Training] Epoch:1 total_time: 25.254
Epoch: [2][10/396]	Time 0.095 (0.095)	Speed 5389.095 (5389.095)	Loss 0.15906 (0.1591)	
Epoch: [2][20/396]	Time 0.079 (0.087)	Speed 6485.060 (5886.500)	Loss 0.15707 (0.1581)	
Epoch: [2][30/396]	Time 0.058 (0.077)	Speed 8880.541 (6631.795)	Loss 0.15739 (0.1578)	
Epoch: [2][40/396]	Time 0.073 (0.076)	Speed 7001.659 (6720.548)	Loss 0.16002 (0.1584)	
Epoch: [2][50/396]	Time 0.055 (0.072)	Speed 9375.836 (7124.063)	Loss 0.15572 (0.1579)	
Epoch: [2][60/396]	Time 0.073 (0.072)	Speed 6980.883 (7099.793)	Loss 0.16199 (0.1585)	
Epoch: [2][70/396]	Time 0.053 (0.069)	Speed 9614.506 (7375.373)	Loss 0.15208 (0.1576)	
Epoch: [2][80/396]	Time 0.068 (0.069)	Speed 7501.049 (7390.852)	Loss 0.15058 (0.1567)	
Epoch: [2][90/396]	Time 0.059 (0.068)	Speed 8649.910 (7512.349)	Loss 0.15552 (0.1566)	
Epoch: [2][100/396]	Time 0.070 (0.068)	Speed 7286.232 (7489.108)	Loss 0.15298 (0.1562)	
Epoch: [2][110/396]	Time 0.057 (0.067)	Speed 8955.091 (7602.246)	Loss 0.15603 (0.1562)	
Epoch: [2][120/396]	Time 0.075 (0.068)	Speed 6803.189 (7528.558)	Loss 0.15443 (0.1561)	
Epoch: [2][130/396]	Time 0.054 (0.067)	Speed 9508.649 (7651.118)	Loss 0.15340 (0.1559)	
Epoch: [2][140/396]	Time 0.079 (0.068)	Speed 6521.575 (7557.619)	Loss 0.15085 (0.1555)	
Epoch: [2][150/396]	Time 0.056 (0.067)	Speed 9078.162 (7642.962)	Loss 0.15541 (0.1555)	
Epoch: [2][160/396]	Time 0.080 (0.068)	Speed 6415.781 (7552.672)	Loss 0.15166 (0.1553)	
Epoch: [2][170/396]	Time 0.057 (0.067)	Speed 8929.038 (7621.782)	Loss 0.15120 (0.1550)	
Epoch: [2][180/396]	Time 0.079 (0.068)	Speed 6491.724 (7548.778)	Loss 0.14937 (0.1547)	
Epoch: [2][190/396]	Time 0.059 (0.067)	Speed 8635.311 (7599.102)	Loss 0.14849 (0.1544)	
Epoch: [2][200/396]	Time 0.076 (0.068)	Speed 6761.064 (7552.296)	Loss 0.14864 (0.1541)	
Epoch: [2][210/396]	Time 0.057 (0.067)	Speed 8982.390 (7609.991)	Loss 0.15026 (0.1539)	
Epoch: [2][220/396]	Time 0.078 (0.068)	Speed 6585.735 (7556.571)	Loss 0.15344 (0.1539)	
Epoch: [2][230/396]	Time 0.059 (0.067)	Speed 8685.215 (7599.508)	Loss 0.15202 (0.1538)	
Epoch: [2][240/396]	Time 0.080 (0.068)	Speed 6411.896 (7541.308)	Loss 0.15175 (0.1537)	
Epoch: [2][250/396]	Time 0.057 (0.067)	Speed 8948.173 (7589.035)	Loss 0.14625 (0.1534)	
Epoch: [2][260/396]	Time 0.080 (0.068)	Speed 6400.838 (7535.236)	Loss 0.14701 (0.1532)	
Epoch: [2][270/396]	Time 0.054 (0.067)	Speed 9499.748 (7593.395)	Loss 0.14631 (0.1529)	
Epoch: [2][280/396]	Time 0.081 (0.068)	Speed 6317.015 (7538.992)	Loss 0.15160 (0.1529)	
Epoch: [2][290/396]	Time 0.061 (0.068)	Speed 8331.133 (7563.791)	Loss 0.15147 (0.1528)	
Epoch: [2][300/396]	Time 0.077 (0.068)	Speed 6619.167 (7527.980)	Loss 0.15012 (0.1527)	
Epoch: [2][310/396]	Time 0.057 (0.068)	Speed 8938.805 (7566.504)	Loss 0.14848 (0.1526)	
Epoch: [2][320/396]	Time 0.079 (0.068)	Speed 6478.890 (7527.017)	Loss 0.14994 (0.1525)	
Epoch: [2][330/396]	Time 0.055 (0.068)	Speed 9383.841 (7572.423)	Loss 0.14709 (0.1524)	
Epoch: [2][340/396]	Time 0.077 (0.068)	Speed 6646.904 (7541.538)	Loss 0.14728 (0.1522)	
Epoch: [2][350/396]	Time 0.055 (0.068)	Speed 9260.598 (7581.750)	Loss 0.14676 (0.1520)	
Epoch: [2][360/396]	Time 0.077 (0.068)	Speed 6638.471 (7551.942)	Loss 0.14156 (0.1518)	
Epoch: [2][370/396]	Time 0.057 (0.068)	Speed 8930.067 (7583.573)	Loss 0.14627 (0.1516)	
Epoch: [2][380/396]	Time 0.076 (0.068)	Speed 6747.288 (7558.918)	Loss 0.14555 (0.1514)	
Epoch: [2][390/396]	Time 0.053 (0.067)	Speed 9645.261 (7601.076)	Loss 0.14745 (0.1513)	
[Training] Epoch:2 total_time: 26.533
Epoch: [3][10/396]	Time 0.097 (0.097)	Speed 5290.020 (5290.020)	Loss 0.14848 (0.1485)	
Epoch: [3][20/396]	Time 0.072 (0.084)	Speed 7148.428 (6080.393)	Loss 0.14759 (0.1480)	
Epoch: [3][30/396]	Time 0.057 (0.075)	Speed 9047.663 (6826.686)	Loss 0.14697 (0.1477)	
Epoch: [3][40/396]	Time 0.070 (0.074)	Speed 7266.191 (6931.501)	Loss 0.14726 (0.1476)	
Epoch: [3][50/396]	Time 0.057 (0.070)	Speed 9039.414 (7270.589)	Loss 0.14285 (0.1466)	
Epoch: [3][60/396]	Time 0.076 (0.071)	Speed 6754.591 (7179.183)	Loss 0.14176 (0.1458)	
Epoch: [3][70/396]	Time 0.054 (0.069)	Speed 9570.015 (7444.886)	Loss 0.14082 (0.1451)	
Epoch: [3][80/396]	Time 0.075 (0.070)	Speed 6822.719 (7360.980)	Loss 0.14268 (0.1448)	
Epoch: [3][90/396]	Time 0.053 (0.068)	Speed 9617.555 (7558.018)	Loss 0.14327 (0.1446)	
Epoch: [3][100/396]	Time 0.073 (0.068)	Speed 7048.714 (7503.800)	Loss 0.14415 (0.1446)	
Epoch: [3][110/396]	Time 0.055 (0.067)	Speed 9325.529 (7639.469)	Loss 0.14107 (0.1443)	
Epoch: [3][120/396]	Time 0.074 (0.068)	Speed 6899.049 (7571.751)	Loss 0.14280 (0.1441)	
Epoch: [3][130/396]	Time 0.057 (0.067)	Speed 9028.720 (7666.921)	Loss 0.14496 (0.1442)	
Epoch: [3][140/396]	Time 0.073 (0.067)	Speed 6983.923 (7613.736)	Loss 0.14144 (0.1440)	
Epoch: [3][150/396]	Time 0.055 (0.066)	Speed 9292.825 (7706.568)	Loss 0.13992 (0.1437)	
Epoch: [3][160/396]	Time 0.070 (0.067)	Speed 7285.066 (7678.800)	Loss 0.14344 (0.1437)	
Epoch: [3][170/396]	Time 0.053 (0.066)	Speed 9695.028 (7773.900)	Loss 0.14282 (0.1437)	
Epoch: [3][180/396]	Time 0.070 (0.066)	Speed 7300.123 (7745.971)	Loss 0.14382 (0.1437)	
Epoch: [3][190/396]	Time 0.051 (0.065)	Speed 10053.673 (7840.694)	Loss 0.14056 (0.1435)	
Epoch: [3][200/396]	Time 0.069 (0.066)	Speed 7384.402 (7816.545)	Loss 0.14242 (0.1435)	
Epoch: [3][210/396]	Time 0.054 (0.065)	Speed 9411.115 (7880.124)	Loss 0.14364 (0.1435)	
Epoch: [3][220/396]	Time 0.070 (0.065)	Speed 7282.405 (7850.834)	Loss 0.13888 (0.1433)	
Epoch: [3][230/396]	Time 0.055 (0.065)	Speed 9376.773 (7906.779)	Loss 0.14341 (0.1433)	
Epoch: [3][240/396]	Time 0.075 (0.065)	Speed 6814.207 (7854.306)	Loss 0.13856 (0.1431)	
Epoch: [3][250/396]	Time 0.053 (0.065)	Speed 9706.865 (7914.727)	Loss 0.14362 (0.1431)	
Epoch: [3][260/396]	Time 0.074 (0.065)	Speed 6950.021 (7872.697)	Loss 0.14404 (0.1431)	
Epoch: [3][270/396]	Time 0.058 (0.065)	Speed 8901.808 (7906.551)	Loss 0.14129 (0.1431)	
Epoch: [3][280/396]	Time 0.070 (0.065)	Speed 7359.780 (7885.628)	Loss 0.14019 (0.1430)	
Epoch: [3][290/396]	Time 0.061 (0.065)	Speed 8432.083 (7903.290)	Loss 0.14278 (0.1429)	
Epoch: [3][300/396]	Time 0.071 (0.065)	Speed 7163.929 (7876.194)	Loss 0.14022 (0.1429)	
Epoch: [3][310/396]	Time 0.058 (0.065)	Speed 8896.383 (7905.438)	Loss 0.14928 (0.1431)	
Epoch: [3][320/396]	Time 0.074 (0.065)	Speed 6956.629 (7871.887)	Loss 0.13965 (0.1430)	
Epoch: [3][330/396]	Time 0.054 (0.065)	Speed 9494.326 (7912.862)	Loss 0.14078 (0.1429)	
Epoch: [3][340/396]	Time 0.074 (0.065)	Speed 6953.323 (7880.876)	Loss 0.14008 (0.1428)	
Epoch: [3][350/396]	Time 0.055 (0.065)	Speed 9238.706 (7914.109)	Loss 0.14052 (0.1427)	
Epoch: [3][360/396]	Time 0.074 (0.065)	Speed 6877.179 (7881.100)	Loss 0.14053 (0.1427)	
Epoch: [3][370/396]	Time 0.055 (0.065)	Speed 9281.956 (7913.379)	Loss 0.14146 (0.1426)	
Epoch: [3][380/396]	Time 0.072 (0.065)	Speed 7098.448 (7889.543)	Loss 0.13816 (0.1425)	
Epoch: [3][390/396]	Time 0.054 (0.065)	Speed 9469.662 (7923.444)	Loss 0.13486 (0.1423)	
[Training] Epoch:3 total_time: 25.477
Epoch: [4][10/396]	Time 0.096 (0.096)	Speed 5314.751 (5314.751)	Loss 0.14223 (0.1422)	
Epoch: [4][20/396]	Time 0.076 (0.086)	Speed 6728.321 (5938.576)	Loss 0.14230 (0.1423)	
Epoch: [4][30/396]	Time 0.056 (0.076)	Speed 9075.561 (6711.904)	Loss 0.13880 (0.1411)	
Epoch: [4][40/396]	Time 0.073 (0.076)	Speed 6970.331 (6774.697)	Loss 0.14020 (0.1409)	
Epoch: [4][50/396]	Time 0.053 (0.071)	Speed 9604.732 (7198.930)	Loss 0.13872 (0.1405)	
Epoch: [4][60/396]	Time 0.074 (0.072)	Speed 6908.077 (7148.766)	Loss 0.13854 (0.1401)	
Epoch: [4][70/396]	Time 0.054 (0.069)	Speed 9502.493 (7411.005)	Loss 0.14443 (0.1407)	
Epoch: [4][80/396]	Time 0.072 (0.069)	Speed 7131.150 (7374.828)	Loss 0.14096 (0.1408)	
Epoch: [4][90/396]	Time 0.055 (0.068)	Speed 9289.746 (7547.697)	Loss 0.13667 (0.1403)	
Epoch: [4][100/396]	Time 0.068 (0.068)	Speed 7505.538 (7543.460)	Loss 0.14164 (0.1404)	
Epoch: [4][110/396]	Time 0.063 (0.067)	Speed 8126.374 (7592.974)	Loss 0.13898 (0.1403)	
Epoch: [4][120/396]	Time 0.064 (0.067)	Speed 7968.766 (7622.931)	Loss 0.13653 (0.1400)	
Epoch: [4][130/396]	Time 0.060 (0.067)	Speed 8546.321 (7686.817)	Loss 0.13607 (0.1397)	
Epoch: [4][140/396]	Time 0.074 (0.067)	Speed 6957.240 (7629.668)	Loss 0.14539 (0.1401)	
Epoch: [4][150/396]	Time 0.058 (0.066)	Speed 8858.741 (7700.897)	Loss 0.13753 (0.1399)	
Epoch: [4][160/396]	Time 0.069 (0.067)	Speed 7392.332 (7680.859)	Loss 0.13706 (0.1398)	
Epoch: [4][170/396]	Time 0.056 (0.066)	Speed 9064.516 (7750.451)	Loss 0.14017 (0.1398)	
Epoch: [4][180/396]	Time 0.070 (0.066)	Speed 7296.063 (7723.728)	Loss 0.13802 (0.1397)	
Epoch: [4][190/396]	Time 0.055 (0.066)	Speed 9272.118 (7792.215)	Loss 0.14107 (0.1398)	
Epoch: [4][200/396]	Time 0.072 (0.066)	Speed 7091.531 (7753.908)	Loss 0.14156 (0.1398)	
Epoch: [4][210/396]	Time 0.056 (0.066)	Speed 9195.770 (7812.238)	Loss 0.14219 (0.1400)	
Epoch: [4][220/396]	Time 0.069 (0.066)	Speed 7452.400 (7795.130)	Loss 0.13757 (0.1398)	
Epoch: [4][230/396]	Time 0.054 (0.065)	Speed 9402.054 (7853.489)	Loss 0.13927 (0.1398)	
Epoch: [4][240/396]	Time 0.072 (0.065)	Speed 7081.328 (7817.968)	Loss 0.14226 (0.1399)	
Epoch: [4][250/396]	Time 0.054 (0.065)	Speed 9435.810 (7871.957)	Loss 0.13787 (0.1398)	
Epoch: [4][260/396]	Time 0.069 (0.065)	Speed 7405.016 (7852.911)	Loss 0.13862 (0.1398)	
Epoch: [4][270/396]	Time 0.060 (0.065)	Speed 8526.051 (7875.941)	Loss 0.14079 (0.1398)	
Epoch: [4][280/396]	Time 0.069 (0.065)	Speed 7373.902 (7856.837)	Loss 0.13902 (0.1398)	
Epoch: [4][290/396]	Time 0.054 (0.065)	Speed 9554.130 (7905.264)	Loss 0.13884 (0.1398)	
Epoch: [4][300/396]	Time 0.077 (0.065)	Speed 6625.600 (7854.695)	Loss 0.13705 (0.1397)	
Epoch: [4][310/396]	Time 0.057 (0.065)	Speed 9006.711 (7887.238)	Loss 0.13432 (0.1395)	
Epoch: [4][320/396]	Time 0.066 (0.065)	Speed 7705.177 (7881.419)	Loss 0.13702 (0.1394)	
Epoch: [4][330/396]	Time 0.061 (0.065)	Speed 8442.306 (7897.318)	Loss 0.13485 (0.1393)	
Epoch: [4][340/396]	Time 0.067 (0.065)	Speed 7588.220 (7887.868)	Loss 0.13848 (0.1393)	
Epoch: [4][350/396]	Time 0.063 (0.065)	Speed 8132.747 (7894.660)	Loss 0.13463 (0.1391)	
Epoch: [4][360/396]	Time 0.065 (0.065)	Speed 7859.883 (7893.689)	Loss 0.13941 (0.1391)	
Epoch: [4][370/396]	Time 0.064 (0.065)	Speed 8041.883 (7897.623)	Loss 0.13778 (0.1391)	
Epoch: [4][380/396]	Time 0.069 (0.065)	Speed 7383.922 (7883.190)	Loss 0.13909 (0.1391)	
Epoch: [4][390/396]	Time 0.054 (0.065)	Speed 9484.162 (7917.460)	Loss 0.13901 (0.1391)	
[Training] Epoch:4 total_time: 25.492
Epoch: [5][10/396]	Time 0.094 (0.094)	Speed 5445.457 (5445.457)	Loss 0.13200 (0.1320)	
Epoch: [5][20/396]	Time 0.078 (0.086)	Speed 6564.924 (5953.019)	Loss 0.13566 (0.1338)	
Epoch: [5][30/396]	Time 0.056 (0.076)	Speed 9199.083 (6746.569)	Loss 0.13946 (0.1357)	
Epoch: [5][40/396]	Time 0.074 (0.076)	Speed 6881.042 (6779.692)	Loss 0.13698 (0.1360)	
Epoch: [5][50/396]	Time 0.051 (0.071)	Speed 9972.924 (7243.555)	Loss 0.13409 (0.1356)	
Epoch: [5][60/396]	Time 0.075 (0.071)	Speed 6864.729 (7177.540)	Loss 0.14013 (0.1364)	
Epoch: [5][70/396]	Time 0.054 (0.069)	Speed 9435.121 (7431.566)	Loss 0.13419 (0.1361)	
Epoch: [5][80/396]	Time 0.071 (0.069)	Speed 7259.456 (7409.607)	Loss 0.13336 (0.1357)	
Epoch: [5][90/396]	Time 0.061 (0.068)	Speed 8368.742 (7505.181)	Loss 0.13691 (0.1359)	
Epoch: [5][100/396]	Time 0.066 (0.068)	Speed 7770.439 (7530.889)	Loss 0.13619 (0.1359)	
Epoch: [5][110/396]	Time 0.058 (0.067)	Speed 8841.609 (7633.768)	Loss 0.13821 (0.1361)	
Epoch: [5][120/396]	Time 0.066 (0.067)	Speed 7739.851 (7642.497)	Loss 0.13934 (0.1364)	
Epoch: [5][130/396]	Time 0.058 (0.066)	Speed 8855.683 (7723.892)	Loss 0.13700 (0.1364)	
Epoch: [5][140/396]	Time 0.067 (0.066)	Speed 7643.305 (7718.079)	Loss 0.13898 (0.1366)	
Epoch: [5][150/396]	Time 0.054 (0.066)	Speed 9397.347 (7811.134)	Loss 0.13507 (0.1365)	
Epoch: [5][160/396]	Time 0.071 (0.066)	Speed 7255.870 (7773.952)	Loss 0.13722 (0.1365)	
Epoch: [5][170/396]	Time 0.055 (0.065)	Speed 9236.894 (7847.059)	Loss 0.13393 (0.1364)	
Epoch: [5][180/396]	Time 0.075 (0.066)	Speed 6863.784 (7785.100)	Loss 0.13683 (0.1364)	
Epoch: [5][190/396]	Time 0.054 (0.065)	Speed 9551.079 (7861.605)	Loss 0.13448 (0.1363)	
Epoch: [5][200/396]	Time 0.076 (0.066)	Speed 6778.059 (7799.265)	Loss 0.14027 (0.1365)	
Epoch: [5][210/396]	Time 0.052 (0.065)	Speed 9906.967 (7879.088)	Loss 0.13709 (0.1365)	
Epoch: [5][220/396]	Time 0.072 (0.065)	Speed 7126.391 (7841.441)	Loss 0.13445 (0.1364)	
Epoch: [5][230/396]	Time 0.057 (0.065)	Speed 9019.474 (7886.225)	Loss 0.13539 (0.1364)	
Epoch: [5][240/396]	Time 0.068 (0.065)	Speed 7514.246 (7869.992)	Loss 0.13484 (0.1363)	
Epoch: [5][250/396]	Time 0.057 (0.065)	Speed 8948.326 (7908.111)	Loss 0.13807 (0.1364)	
Epoch: [5][260/396]	Time 0.067 (0.065)	Speed 7681.796 (7899.161)	Loss 0.13980 (0.1365)	
Epoch: [5][270/396]	Time 0.060 (0.065)	Speed 8463.273 (7918.709)	Loss 0.13364 (0.1364)	
Epoch: [5][280/396]	Time 0.061 (0.065)	Speed 8398.358 (7934.894)	Loss 0.13795 (0.1365)	
Epoch: [5][290/396]	Time 0.069 (0.065)	Speed 7445.246 (7916.940)	Loss 0.13590 (0.1365)	
Epoch: [5][300/396]	Time 0.054 (0.064)	Speed 9423.053 (7959.346)	Loss 0.13921 (0.1366)	
Epoch: [5][310/396]	Time 0.071 (0.065)	Speed 7236.242 (7933.771)	Loss 0.13972 (0.1367)	
Epoch: [5][320/396]	Time 0.053 (0.064)	Speed 9585.064 (7976.715)	Loss 0.13728 (0.1367)	
Epoch: [5][330/396]	Time 0.071 (0.064)	Speed 7218.318 (7951.400)	Loss 0.13188 (0.1365)	
Epoch: [5][340/396]	Time 0.054 (0.064)	Speed 9563.269 (7991.013)	Loss 0.13488 (0.1365)	
Epoch: [5][350/396]	Time 0.073 (0.064)	Speed 7025.607 (7959.763)	Loss 0.13646 (0.1365)	
Epoch: [5][360/396]	Time 0.052 (0.064)	Speed 9784.777 (8001.217)	Loss 0.13402 (0.1364)	
Epoch: [5][370/396]	Time 0.070 (0.064)	Speed 7365.007 (7982.580)	Loss 0.13484 (0.1364)	
Epoch: [5][380/396]	Time 0.058 (0.064)	Speed 8823.076 (8002.642)	Loss 0.13065 (0.1362)	
Epoch: [5][390/396]	Time 0.066 (0.064)	Speed 7792.568 (7997.114)	Loss 0.13497 (0.1362)	
[Training] Epoch:5 total_time: 25.240
Epoch: [6][10/396]	Time 0.098 (0.098)	Speed 5249.535 (5249.535)	Loss 0.13343 (0.1334)	
Epoch: [6][20/396]	Time 0.076 (0.087)	Speed 6715.955 (5892.887)	Loss 0.13434 (0.1339)	
Epoch: [6][30/396]	Time 0.058 (0.077)	Speed 8822.014 (6626.246)	Loss 0.13630 (0.1347)	
Epoch: [6][40/396]	Time 0.076 (0.077)	Speed 6703.617 (6645.421)	Loss 0.13213 (0.1340)	
Epoch: [6][50/396]	Time 0.057 (0.073)	Speed 9043.537 (7017.599)	Loss 0.13805 (0.1349)	
Epoch: [6][60/396]	Time 0.075 (0.073)	Speed 6857.872 (6990.463)	Loss 0.13310 (0.1346)	
Epoch: [6][70/396]	Time 0.059 (0.071)	Speed 8720.774 (7194.385)	Loss 0.13688 (0.1349)	
Epoch: [6][80/396]	Time 0.074 (0.072)	Speed 6900.836 (7156.333)	Loss 0.13026 (0.1343)	
Epoch: [6][90/396]	Time 0.055 (0.070)	Speed 9244.556 (7340.571)	Loss 0.13511 (0.1344)	
Epoch: [6][100/396]	Time 0.075 (0.070)	Speed 6825.428 (7285.583)	Loss 0.13588 (0.1345)	
Epoch: [6][110/396]	Time 0.053 (0.069)	Speed 9593.958 (7448.507)	Loss 0.13269 (0.1344)	
Epoch: [6][120/396]	Time 0.072 (0.069)	Speed 7159.735 (7423.556)	Loss 0.13219 (0.1342)	
Epoch: [6][130/396]	Time 0.054 (0.068)	Speed 9537.276 (7552.310)	Loss 0.13358 (0.1342)	
Epoch: [6][140/396]	Time 0.076 (0.068)	Speed 6740.754 (7487.916)	Loss 0.13152 (0.1340)	
Epoch: [6][150/396]	Time 0.053 (0.067)	Speed 9733.262 (7604.873)	Loss 0.13177 (0.1338)	
Epoch: [6][160/396]	Time 0.074 (0.068)	Speed 6961.573 (7561.204)	Loss 0.13430 (0.1338)	
Epoch: [6][170/396]	Time 0.055 (0.067)	Speed 9319.826 (7646.074)	Loss 0.13376 (0.1338)	
Epoch: [6][180/396]	Time 0.071 (0.067)	Speed 7198.130 (7619.730)	Loss 0.13409 (0.1339)	
Epoch: [6][190/396]	Time 0.054 (0.067)	Speed 9421.032 (7697.188)	Loss 0.13573 (0.1340)	
Epoch: [6][200/396]	Time 0.076 (0.067)	Speed 6710.607 (7641.020)	Loss 0.13390 (0.1340)	
Epoch: [6][210/396]	Time 0.053 (0.066)	Speed 9698.864 (7719.009)	Loss 0.13479 (0.1340)	
Epoch: [6][220/396]	Time 0.077 (0.067)	Speed 6631.458 (7661.894)	Loss 0.13414 (0.1340)	
Epoch: [6][230/396]	Time 0.052 (0.066)	Speed 9855.598 (7736.767)	Loss 0.13521 (0.1341)	
Epoch: [6][240/396]	Time 0.076 (0.067)	Speed 6717.169 (7688.143)	Loss 0.13388 (0.1340)	
Epoch: [6][250/396]	Time 0.049 (0.066)	Speed 10419.210 (7769.605)	Loss 0.13498 (0.1341)	
Epoch: [6][260/396]	Time 0.076 (0.066)	Speed 6779.480 (7726.205)	Loss 0.13358 (0.1341)	
Epoch: [6][270/396]	Time 0.052 (0.066)	Speed 9815.507 (7787.600)	Loss 0.13510 (0.1341)	
Epoch: [6][280/396]	Time 0.076 (0.066)	Speed 6771.730 (7746.098)	Loss 0.13418 (0.1341)	
Epoch: [6][290/396]	Time 0.052 (0.066)	Speed 9820.125 (7802.925)	Loss 0.13139 (0.1340)	
Epoch: [6][300/396]	Time 0.075 (0.066)	Speed 6782.863 (7764.005)	Loss 0.13222 (0.1339)	
Epoch: [6][310/396]	Time 0.055 (0.066)	Speed 9263.570 (7804.760)	Loss 0.13470 (0.1340)	
Epoch: [6][320/396]	Time 0.071 (0.066)	Speed 7192.799 (7784.065)	Loss 0.13260 (0.1339)	
Epoch: [6][330/396]	Time 0.055 (0.065)	Speed 9310.000 (7822.919)	Loss 0.13538 (0.1340)	
Epoch: [6][340/396]	Time 0.076 (0.066)	Speed 6710.119 (7784.947)	Loss 0.13482 (0.1340)	
Epoch: [6][350/396]	Time 0.053 (0.065)	Speed 9614.588 (7827.506)	Loss 0.13209 (0.1339)	
Epoch: [6][360/396]	Time 0.078 (0.066)	Speed 6563.698 (7785.863)	Loss 0.13479 (0.1340)	
Epoch: [6][370/396]	Time 0.054 (0.065)	Speed 9522.770 (7824.435)	Loss 0.13600 (0.1340)	
Epoch: [6][380/396]	Time 0.078 (0.066)	Speed 6605.866 (7786.635)	Loss 0.13186 (0.1340)	
Epoch: [6][390/396]	Time 0.052 (0.065)	Speed 9897.273 (7829.447)	Loss 0.13457 (0.1340)	
[Training] Epoch:6 total_time: 25.780
Epoch: [7][10/396]	Time 0.093 (0.093)	Speed 5487.899 (5487.899)	Loss 0.13424 (0.1342)	
Epoch: [7][20/396]	Time 0.075 (0.084)	Speed 6829.561 (6085.661)	Loss 0.13343 (0.1338)	
Epoch: [7][30/396]	Time 0.057 (0.075)	Speed 8978.131 (6817.823)	Loss 0.13690 (0.1349)	
Epoch: [7][40/396]	Time 0.075 (0.075)	Speed 6811.870 (6816.334)	Loss 0.13122 (0.1339)	
Epoch: [7][50/396]	Time 0.055 (0.071)	Speed 9343.723 (7206.174)	Loss 0.13412 (0.1340)	
Epoch: [7][60/396]	Time 0.072 (0.071)	Speed 7089.321 (7186.432)	Loss 0.13424 (0.1340)	
Epoch: [7][70/396]	Time 0.052 (0.068)	Speed 9860.617 (7476.075)	Loss 0.13568 (0.1343)	
Epoch: [7][80/396]	Time 0.070 (0.069)	Speed 7266.912 (7449.274)	Loss 0.13109 (0.1339)	
Epoch: [7][90/396]	Time 0.057 (0.067)	Speed 9026.279 (7596.746)	Loss 0.13324 (0.1338)	
Epoch: [7][100/396]	Time 0.067 (0.067)	Speed 7587.555 (7595.825)	Loss 0.12851 (0.1333)	
Epoch: [7][110/396]	Time 0.057 (0.066)	Speed 9014.034 (7706.045)	Loss 0.13222 (0.1332)	
Epoch: [7][120/396]	Time 0.076 (0.067)	Speed 6705.346 (7611.386)	Loss 0.13816 (0.1336)	
Epoch: [7][130/396]	Time 0.055 (0.066)	Speed 9293.288 (7718.844)	Loss 0.13112 (0.1334)	
Epoch: [7][140/396]	Time 0.071 (0.067)	Speed 7260.981 (7684.233)	Loss 0.13367 (0.1334)	
Epoch: [7][150/396]	Time 0.054 (0.066)	Speed 9481.541 (7782.583)	Loss 0.13088 (0.1332)	
Epoch: [7][160/396]	Time 0.070 (0.066)	Speed 7295.321 (7750.231)	Loss 0.13061 (0.1331)	
Epoch: [7][170/396]	Time 0.060 (0.066)	Speed 8516.265 (7791.456)	Loss 0.13181 (0.1330)	
Epoch: [7][180/396]	Time 0.070 (0.066)	Speed 7350.613 (7765.582)	Loss 0.13147 (0.1329)	
Epoch: [7][190/396]	Time 0.055 (0.065)	Speed 9226.631 (7830.847)	Loss 0.13347 (0.1330)	
Epoch: [7][200/396]	Time 0.071 (0.066)	Speed 7244.972 (7799.312)	Loss 0.13498 (0.1331)	
Epoch: [7][210/396]	Time 0.058 (0.065)	Speed 8771.247 (7840.684)	Loss 0.13617 (0.1332)	
Epoch: [7][220/396]	Time 0.075 (0.066)	Speed 6789.176 (7785.872)	Loss 0.13107 (0.1331)	
Epoch: [7][230/396]	Time 0.054 (0.065)	Speed 9460.785 (7846.267)	Loss 0.13394 (0.1331)	
Epoch: [7][240/396]	Time 0.076 (0.066)	Speed 6759.745 (7794.068)	Loss 0.13230 (0.1331)	
Epoch: [7][250/396]	Time 0.054 (0.065)	Speed 9500.307 (7850.465)	Loss 0.13297 (0.1331)	
Epoch: [7][260/396]	Time 0.074 (0.066)	Speed 6933.602 (7810.740)	Loss 0.12985 (0.1330)	
Epoch: [7][270/396]	Time 0.056 (0.065)	Speed 9205.341 (7854.814)	Loss 0.13191 (0.1329)	
Epoch: [7][280/396]	Time 0.073 (0.065)	Speed 7036.219 (7822.312)	Loss 0.13351 (0.1330)	
Epoch: [7][290/396]	Time 0.054 (0.065)	Speed 9552.727 (7871.480)	Loss 0.13224 (0.1329)	
Epoch: [7][300/396]	Time 0.074 (0.065)	Speed 6908.366 (7835.070)	Loss 0.12839 (0.1328)	
Epoch: [7][310/396]	Time 0.053 (0.065)	Speed 9677.539 (7883.486)	Loss 0.12901 (0.1327)	
Epoch: [7][320/396]	Time 0.074 (0.065)	Speed 6888.129 (7848.046)	Loss 0.13034 (0.1326)	
Epoch: [7][330/396]	Time 0.052 (0.065)	Speed 9819.676 (7896.089)	Loss 0.13162 (0.1326)	
Epoch: [7][340/396]	Time 0.074 (0.065)	Speed 6918.036 (7863.392)	Loss 0.13360 (0.1326)	
Epoch: [7][350/396]	Time 0.054 (0.065)	Speed 9421.127 (7900.716)	Loss 0.13395 (0.1326)	
Epoch: [7][360/396]	Time 0.072 (0.065)	Speed 7103.125 (7876.149)	Loss 0.13185 (0.1326)	
Epoch: [7][370/396]	Time 0.054 (0.065)	Speed 9408.694 (7910.976)	Loss 0.13161 (0.1326)	
Epoch: [7][380/396]	Time 0.073 (0.065)	Speed 6969.528 (7882.954)	Loss 0.13336 (0.1326)	
Epoch: [7][390/396]	Time 0.055 (0.065)	Speed 9390.879 (7915.545)	Loss 0.13242 (0.1326)	
[Training] Epoch:7 total_time: 25.491
Epoch: [8][10/396]	Time 0.094 (0.094)	Speed 5473.883 (5473.883)	Loss 0.13228 (0.1323)	
Epoch: [8][20/396]	Time 0.080 (0.087)	Speed 6433.587 (5915.060)	Loss 0.13057 (0.1314)	
Epoch: [8][30/396]	Time 0.059 (0.077)	Speed 8700.391 (6621.679)	Loss 0.13215 (0.1317)	
Epoch: [8][40/396]	Time 0.072 (0.076)	Speed 7136.536 (6743.301)	Loss 0.13361 (0.1322)	
Epoch: [8][50/396]	Time 0.060 (0.073)	Speed 8489.883 (7032.660)	Loss 0.13209 (0.1321)	
Epoch: [8][60/396]	Time 0.066 (0.072)	Speed 7756.583 (7143.781)	Loss 0.13482 (0.1326)	
Epoch: [8][70/396]	Time 0.063 (0.070)	Speed 8190.810 (7276.663)	Loss 0.13031 (0.1323)	
Epoch: [8][80/396]	Time 0.066 (0.070)	Speed 7703.800 (7327.447)	Loss 0.12749 (0.1317)	
Epoch: [8][90/396]	Time 0.054 (0.068)	Speed 9459.605 (7515.670)	Loss 0.13281 (0.1318)	
Epoch: [8][100/396]	Time 0.071 (0.068)	Speed 7192.595 (7482.062)	Loss 0.13118 (0.1317)	
Epoch: [8][110/396]	Time 0.053 (0.067)	Speed 9713.240 (7641.636)	Loss 0.13368 (0.1319)	
Epoch: [8][120/396]	Time 0.073 (0.067)	Speed 7046.216 (7588.201)	Loss 0.13073 (0.1318)	
Epoch: [8][130/396]	Time 0.052 (0.066)	Speed 9837.075 (7724.033)	Loss 0.13099 (0.1317)	
Epoch: [8][140/396]	Time 0.073 (0.067)	Speed 7013.483 (7668.539)	Loss 0.12960 (0.1316)	
Epoch: [8][150/396]	Time 0.053 (0.066)	Speed 9667.889 (7775.742)	Loss 0.13091 (0.1315)	
Epoch: [8][160/396]	Time 0.071 (0.066)	Speed 7185.827 (7736.049)	Loss 0.13242 (0.1316)	
Epoch: [8][170/396]	Time 0.054 (0.065)	Speed 9482.282 (7820.770)	Loss 0.12926 (0.1315)	
Epoch: [8][180/396]	Time 0.072 (0.066)	Speed 7106.651 (7777.352)	Loss 0.13127 (0.1315)	
Epoch: [8][190/396]	Time 0.051 (0.065)	Speed 9958.153 (7868.041)	Loss 0.13123 (0.1314)	
Epoch: [8][200/396]	Time 0.073 (0.065)	Speed 7006.499 (7819.962)	Loss 0.13268 (0.1315)	
Epoch: [8][210/396]	Time 0.051 (0.065)	Speed 10122.201 (7905.585)	Loss 0.13108 (0.1315)	
Epoch: [8][220/396]	Time 0.072 (0.065)	Speed 7084.931 (7864.180)	Loss 0.13357 (0.1316)	
Epoch: [8][230/396]	Time 0.053 (0.065)	Speed 9726.169 (7930.187)	Loss 0.13556 (0.1318)	
Epoch: [8][240/396]	Time 0.071 (0.065)	Speed 7255.385 (7899.574)	Loss 0.12977 (0.1317)	
Epoch: [8][250/396]	Time 0.052 (0.064)	Speed 9794.515 (7961.184)	Loss 0.13344 (0.1317)	
Epoch: [8][260/396]	Time 0.072 (0.065)	Speed 7147.289 (7926.467)	Loss 0.13004 (0.1317)	
Epoch: [8][270/396]	Time 0.050 (0.064)	Speed 10180.798 (7992.011)	Loss 0.12924 (0.1316)	
Epoch: [8][280/396]	Time 0.072 (0.064)	Speed 7130.820 (7957.687)	Loss 0.13029 (0.1315)	
Epoch: [8][290/396]	Time 0.054 (0.064)	Speed 9568.501 (8004.152)	Loss 0.12769 (0.1314)	
Epoch: [8][300/396]	Time 0.072 (0.064)	Speed 7140.316 (7972.003)	Loss 0.12913 (0.1313)	
Epoch: [8][310/396]	Time 0.051 (0.064)	Speed 10046.350 (8025.457)	Loss 0.13362 (0.1314)	
Epoch: [8][320/396]	Time 0.070 (0.064)	Speed 7269.953 (7999.479)	Loss 0.13628 (0.1316)	
Epoch: [8][330/396]	Time 0.052 (0.064)	Speed 9766.368 (8043.576)	Loss 0.13133 (0.1315)	
Epoch: [8][340/396]	Time 0.069 (0.064)	Speed 7392.223 (8022.784)	Loss 0.13384 (0.1316)	
Epoch: [8][350/396]	Time 0.055 (0.064)	Speed 9269.912 (8053.742)	Loss 0.13039 (0.1316)	
Epoch: [8][360/396]	Time 0.073 (0.064)	Speed 6971.990 (8019.180)	Loss 0.13192 (0.1316)	
Epoch: [8][370/396]	Time 0.054 (0.064)	Speed 9434.060 (8051.817)	Loss 0.12898 (0.1315)	
Epoch: [8][380/396]	Time 0.069 (0.064)	Speed 7447.714 (8034.667)	Loss 0.13024 (0.1315)	
Epoch: [8][390/396]	Time 0.049 (0.063)	Speed 10530.117 (8083.788)	Loss 0.13010 (0.1315)	
[Training] Epoch:8 total_time: 24.977
Epoch: [9][10/396]	Time 0.089 (0.089)	Speed 5760.163 (5760.163)	Loss 0.12652 (0.1265)	
Epoch: [9][20/396]	Time 0.069 (0.079)	Speed 7436.083 (6491.702)	Loss 0.13040 (0.1285)	
Epoch: [9][30/396]	Time 0.053 (0.070)	Speed 9599.048 (7276.915)	Loss 0.13528 (0.1307)	
Epoch: [9][40/396]	Time 0.072 (0.071)	Speed 7151.194 (7245.072)	Loss 0.12796 (0.1300)	
Epoch: [9][50/396]	Time 0.050 (0.067)	Speed 10148.611 (7684.800)	Loss 0.13174 (0.1304)	
Epoch: [9][60/396]	Time 0.074 (0.068)	Speed 6963.126 (7554.309)	Loss 0.13274 (0.1308)	
Epoch: [9][70/396]	Time 0.056 (0.066)	Speed 9140.916 (7746.388)	Loss 0.13166 (0.1309)	
Epoch: [9][80/396]	Time 0.073 (0.067)	Speed 6967.036 (7639.565)	Loss 0.13284 (0.1311)	
Epoch: [9][90/396]	Time 0.054 (0.066)	Speed 9513.944 (7810.541)	Loss 0.12956 (0.1310)	
Epoch: [9][100/396]	Time 0.077 (0.067)	Speed 6680.176 (7680.577)	Loss 0.12969 (0.1308)	
Epoch: [9][110/396]	Time 0.054 (0.065)	Speed 9505.000 (7816.979)	Loss 0.12881 (0.1307)	
Epoch: [9][120/396]	Time 0.075 (0.066)	Speed 6785.585 (7719.204)	Loss 0.13049 (0.1306)	
Epoch: [9][130/396]	Time 0.056 (0.066)	Speed 9162.718 (7813.897)	Loss 0.12792 (0.1304)	
Epoch: [9][140/396]	Time 0.077 (0.066)	Speed 6644.765 (7716.913)	Loss 0.12819 (0.1303)	
Epoch: [9][150/396]	Time 0.055 (0.066)	Speed 9321.869 (7806.517)	Loss 0.13084 (0.1303)	
Epoch: [9][160/396]	Time 0.075 (0.066)	Speed 6819.184 (7736.508)	Loss 0.13228 (0.1304)	
Epoch: [9][170/396]	Time 0.054 (0.065)	Speed 9461.793 (7820.389)	Loss 0.13222 (0.1305)	
Epoch: [9][180/396]	Time 0.073 (0.066)	Speed 7034.760 (7772.168)	Loss 0.13087 (0.1306)	
Epoch: [9][190/396]	Time 0.056 (0.065)	Speed 9153.509 (7834.393)	Loss 0.13264 (0.1307)	
Epoch: [9][200/396]	Time 0.074 (0.066)	Speed 6951.461 (7784.953)	Loss 0.13418 (0.1308)	
Epoch: [9][210/396]	Time 0.054 (0.065)	Speed 9516.731 (7853.002)	Loss 0.13256 (0.1309)	
Epoch: [9][220/396]	Time 0.074 (0.066)	Speed 6884.300 (7803.094)	Loss 0.13518 (0.1311)	
Epoch: [9][230/396]	Time 0.058 (0.065)	Speed 8775.229 (7840.860)	Loss 0.13135 (0.1311)	
Epoch: [9][240/396]	Time 0.076 (0.066)	Speed 6781.390 (7790.149)	Loss 0.12945 (0.1311)	
Epoch: [9][250/396]	Time 0.055 (0.065)	Speed 9393.220 (7843.694)	Loss 0.13060 (0.1310)	
Epoch: [9][260/396]	Time 0.074 (0.066)	Speed 6916.113 (7803.440)	Loss 0.13459 (0.1312)	
Epoch: [9][270/396]	Time 0.055 (0.065)	Speed 9378.489 (7852.282)	Loss 0.12954 (0.1311)	
Epoch: [9][280/396]	Time 0.075 (0.066)	Speed 6840.128 (7811.003)	Loss 0.13263 (0.1312)	
Epoch: [9][290/396]	Time 0.051 (0.065)	Speed 10085.303 (7872.218)	Loss 0.13140 (0.1312)	
Epoch: [9][300/396]	Time 0.077 (0.065)	Speed 6692.075 (7826.213)	Loss 0.13039 (0.1312)	
Epoch: [9][310/396]	Time 0.052 (0.065)	Speed 9814.811 (7877.701)	Loss 0.12826 (0.1311)	
Epoch: [9][320/396]	Time 0.078 (0.065)	Speed 6575.016 (7829.226)	Loss 0.12866 (0.1310)	
Epoch: [9][330/396]	Time 0.055 (0.065)	Speed 9353.266 (7868.076)	Loss 0.12920 (0.1309)	
Epoch: [9][340/396]	Time 0.076 (0.065)	Speed 6769.231 (7830.689)	Loss 0.13235 (0.1310)	
Epoch: [9][350/396]	Time 0.057 (0.065)	Speed 9049.661 (7860.942)	Loss 0.12623 (0.1308)	
Epoch: [9][360/396]	Time 0.071 (0.065)	Speed 7195.836 (7840.811)	Loss 0.12903 (0.1308)	
Epoch: [9][370/396]	Time 0.055 (0.065)	Speed 9334.726 (7874.873)	Loss 0.12956 (0.1308)	
Epoch: [9][380/396]	Time 0.074 (0.065)	Speed 6914.517 (7846.195)	Loss 0.13101 (0.1308)	
Epoch: [9][390/396]	Time 0.054 (0.065)	Speed 9506.544 (7881.491)	Loss 0.12703 (0.1307)	
[Training] Epoch:9 total_time: 25.598
Epoch: [10][10/396]	Time 0.095 (0.095)	Speed 5376.516 (5376.516)	Loss 0.13107 (0.1311)	
Epoch: [10][20/396]	Time 0.074 (0.084)	Speed 6945.688 (6061.189)	Loss 0.12873 (0.1299)	
Epoch: [10][30/396]	Time 0.060 (0.076)	Speed 8577.569 (6718.151)	Loss 0.12883 (0.1295)	
Epoch: [10][40/396]	Time 0.068 (0.074)	Speed 7557.592 (6910.030)	Loss 0.12734 (0.1290)	
Epoch: [10][50/396]	Time 0.057 (0.071)	Speed 9040.944 (7251.877)	Loss 0.12952 (0.1291)	
Epoch: [10][60/396]	Time 0.071 (0.071)	Speed 7199.433 (7243.084)	Loss 0.12941 (0.1292)	
Epoch: [10][70/396]	Time 0.060 (0.069)	Speed 8591.797 (7409.238)	Loss 0.13160 (0.1295)	
Epoch: [10][80/396]	Time 0.069 (0.069)	Speed 7456.129 (7415.067)	Loss 0.12953 (0.1295)	
Epoch: [10][90/396]	Time 0.060 (0.068)	Speed 8561.596 (7527.066)	Loss 0.13362 (0.1300)	
Epoch: [10][100/396]	Time 0.071 (0.068)	Speed 7176.157 (7490.438)	Loss 0.13046 (0.1300)	
Epoch: [10][110/396]	Time 0.053 (0.067)	Speed 9695.768 (7648.592)	Loss 0.12942 (0.1300)	
Epoch: [10][120/396]	Time 0.075 (0.068)	Speed 6826.426 (7572.589)	Loss 0.13030 (0.1300)	
Epoch: [10][130/396]	Time 0.054 (0.067)	Speed 9483.027 (7691.788)	Loss 0.13040 (0.1300)	
Epoch: [10][140/396]	Time 0.072 (0.067)	Speed 7159.735 (7651.175)	Loss 0.13149 (0.1301)	
Epoch: [10][150/396]	Time 0.053 (0.066)	Speed 9612.858 (7756.702)	Loss 0.12738 (0.1299)	
Epoch: [10][160/396]	Time 0.070 (0.066)	Speed 7323.654 (7728.142)	Loss 0.13279 (0.1301)	
Epoch: [10][170/396]	Time 0.057 (0.066)	Speed 8963.161 (7791.291)	Loss 0.12941 (0.1301)	
Epoch: [10][180/396]	Time 0.071 (0.066)	Speed 7229.699 (7757.813)	Loss 0.13311 (0.1302)	
Epoch: [10][190/396]	Time 0.055 (0.065)	Speed 9334.738 (7827.407)	Loss 0.13166 (0.1303)	
Epoch: [10][200/396]	Time 0.074 (0.066)	Speed 6885.286 (7774.219)	Loss 0.13163 (0.1304)	
Epoch: [10][210/396]	Time 0.054 (0.065)	Speed 9560.348 (7844.004)	Loss 0.12956 (0.1303)	
Epoch: [10][220/396]	Time 0.072 (0.066)	Speed 7148.114 (7809.446)	Loss 0.12769 (0.1302)	
Epoch: [10][230/396]	Time 0.054 (0.065)	Speed 9529.738 (7871.224)	Loss 0.12834 (0.1301)	
Epoch: [10][240/396]	Time 0.074 (0.065)	Speed 6955.311 (7828.271)	Loss 0.12928 (0.1301)	
Epoch: [10][250/396]	Time 0.053 (0.065)	Speed 9727.671 (7889.894)	Loss 0.12739 (0.1300)	
Epoch: [10][260/396]	Time 0.072 (0.065)	Speed 7062.834 (7854.518)	Loss 0.13030 (0.1300)	
Epoch: [10][270/396]	Time 0.054 (0.065)	Speed 9524.569 (7905.860)	Loss 0.13320 (0.1301)	
Epoch: [10][280/396]	Time 0.072 (0.065)	Speed 7074.556 (7872.820)	Loss 0.12905 (0.1301)	
Epoch: [10][290/396]	Time 0.053 (0.065)	Speed 9621.183 (7922.464)	Loss 0.12685 (0.1300)	
Epoch: [10][300/396]	Time 0.073 (0.065)	Speed 6981.938 (7887.049)	Loss 0.12994 (0.1300)	
Epoch: [10][310/396]	Time 0.054 (0.065)	Speed 9486.031 (7930.169)	Loss 0.12694 (0.1299)	
Epoch: [10][320/396]	Time 0.073 (0.065)	Speed 6970.985 (7896.216)	Loss 0.12815 (0.1298)	
Epoch: [10][330/396]	Time 0.052 (0.064)	Speed 9921.806 (7945.370)	Loss 0.12919 (0.1298)	
Epoch: [10][340/396]	Time 0.075 (0.065)	Speed 6793.182 (7905.932)	Loss 0.12939 (0.1298)	
Epoch: [10][350/396]	Time 0.054 (0.064)	Speed 9447.607 (7942.964)	Loss 0.12956 (0.1298)	
Epoch: [10][360/396]	Time 0.078 (0.065)	Speed 6533.277 (7895.641)	Loss 0.13126 (0.1298)	
Epoch: [10][370/396]	Time 0.051 (0.064)	Speed 10024.660 (7941.223)	Loss 0.13591 (0.1300)	
Epoch: [10][380/396]	Time 0.074 (0.065)	Speed 6950.546 (7911.548)	Loss 0.12907 (0.1300)	
Epoch: [10][390/396]	Time 0.052 (0.064)	Speed 9928.448 (7952.974)	Loss 0.12690 (0.1299)	
[Training] Epoch:10 total_time: 25.436
Epoch: [11][10/396]	Time 0.094 (0.094)	Speed 5435.734 (5435.734)	Loss 0.12888 (0.1289)	
Epoch: [11][20/396]	Time 0.076 (0.085)	Speed 6709.387 (6005.777)	Loss 0.13106 (0.1300)	
Epoch: [11][30/396]	Time 0.060 (0.077)	Speed 8603.563 (6677.891)	Loss 0.13278 (0.1309)	
Epoch: [11][40/396]	Time 0.077 (0.077)	Speed 6630.088 (6665.876)	Loss 0.12840 (0.1303)	
Epoch: [11][50/396]	Time 0.059 (0.073)	Speed 8691.145 (6991.728)	Loss 0.13067 (0.1304)	
Epoch: [11][60/396]	Time 0.077 (0.074)	Speed 6684.699 (6938.613)	Loss 0.12448 (0.1294)	
Epoch: [11][70/396]	Time 0.057 (0.071)	Speed 8997.127 (7173.066)	Loss 0.13127 (0.1296)	
Epoch: [11][80/396]	Time 0.073 (0.072)	Speed 7014.548 (7152.861)	Loss 0.12788 (0.1294)	
Epoch: [11][90/396]	Time 0.055 (0.070)	Speed 9348.242 (7344.507)	Loss 0.12891 (0.1294)	
Epoch: [11][100/396]	Time 0.078 (0.071)	Speed 6597.376 (7262.264)	Loss 0.12812 (0.1292)	
Epoch: [11][110/396]	Time 0.053 (0.069)	Speed 9637.171 (7428.688)	Loss 0.13169 (0.1295)	
Epoch: [11][120/396]	Time 0.072 (0.069)	Speed 7090.018 (7399.235)	Loss 0.12903 (0.1294)	
Epoch: [11][130/396]	Time 0.057 (0.068)	Speed 9050.470 (7504.557)	Loss 0.12988 (0.1295)	
Epoch: [11][140/396]	Time 0.075 (0.069)	Speed 6851.216 (7453.786)	Loss 0.12937 (0.1295)	
Epoch: [11][150/396]	Time 0.054 (0.068)	Speed 9482.299 (7561.628)	Loss 0.12891 (0.1294)	
Epoch: [11][160/396]	Time 0.079 (0.068)	Speed 6464.214 (7482.238)	Loss 0.12913 (0.1294)	
Epoch: [11][170/396]	Time 0.054 (0.068)	Speed 9557.149 (7579.029)	Loss 0.12711 (0.1293)	
Epoch: [11][180/396]	Time 0.077 (0.068)	Speed 6652.098 (7520.808)	Loss 0.13044 (0.1293)	
Epoch: [11][190/396]	Time 0.057 (0.068)	Speed 8951.910 (7584.625)	Loss 0.12666 (0.1292)	
Epoch: [11][200/396]	Time 0.078 (0.068)	Speed 6593.416 (7528.039)	Loss 0.13029 (0.1292)	
Epoch: [11][210/396]	Time 0.056 (0.067)	Speed 9168.445 (7592.728)	Loss 0.12726 (0.1292)	
Epoch: [11][220/396]	Time 0.075 (0.068)	Speed 6841.379 (7555.014)	Loss 0.12967 (0.1292)	
Epoch: [11][230/396]	Time 0.056 (0.067)	Speed 9218.892 (7614.768)	Loss 0.13125 (0.1293)	
Epoch: [11][240/396]	Time 0.077 (0.068)	Speed 6640.778 (7568.516)	Loss 0.13065 (0.1293)	
Epoch: [11][250/396]	Time 0.057 (0.067)	Speed 8923.554 (7614.768)	Loss 0.12980 (0.1293)	
Epoch: [11][260/396]	Time 0.074 (0.068)	Speed 6904.717 (7584.769)	Loss 0.13465 (0.1295)	
Epoch: [11][270/396]	Time 0.054 (0.067)	Speed 9436.801 (7640.304)	Loss 0.12698 (0.1295)	
Epoch: [11][280/396]	Time 0.075 (0.067)	Speed 6793.740 (7606.453)	Loss 0.13030 (0.1295)	
Epoch: [11][290/396]	Time 0.054 (0.067)	Speed 9544.054 (7660.078)	Loss 0.13157 (0.1296)	
Epoch: [11][300/396]	Time 0.076 (0.067)	Speed 6765.501 (7626.464)	Loss 0.12610 (0.1294)	
Epoch: [11][310/396]	Time 0.056 (0.067)	Speed 9089.497 (7666.269)	Loss 0.12989 (0.1295)	
Epoch: [11][320/396]	Time 0.078 (0.067)	Speed 6590.806 (7627.375)	Loss 0.13082 (0.1295)	
Epoch: [11][330/396]	Time 0.057 (0.067)	Speed 8994.210 (7662.662)	Loss 0.13159 (0.1296)	
Epoch: [11][340/396]	Time 0.079 (0.067)	Speed 6443.990 (7620.276)	Loss 0.12964 (0.1296)	
Epoch: [11][350/396]	Time 0.055 (0.067)	Speed 9322.772 (7660.244)	Loss 0.13122 (0.1296)	
Epoch: [11][360/396]	Time 0.073 (0.067)	Speed 7042.569 (7641.627)	Loss 0.12709 (0.1295)	
Epoch: [11][370/396]	Time 0.054 (0.067)	Speed 9547.172 (7683.073)	Loss 0.13227 (0.1296)	
Epoch: [11][380/396]	Time 0.075 (0.067)	Speed 6786.846 (7656.466)	Loss 0.12858 (0.1296)	
Epoch: [11][390/396]	Time 0.054 (0.067)	Speed 9496.715 (7694.698)	Loss 0.12815 (0.1296)	
[Training] Epoch:11 total_time: 26.221
Epoch: [12][10/396]	Time 0.095 (0.095)	Speed 5412.356 (5412.356)	Loss 0.12877 (0.1288)	
Epoch: [12][20/396]	Time 0.078 (0.086)	Speed 6581.710 (5940.030)	Loss 0.12754 (0.1282)	
Epoch: [12][30/396]	Time 0.056 (0.076)	Speed 9125.612 (6722.232)	Loss 0.13228 (0.1295)	
Epoch: [12][40/396]	Time 0.075 (0.076)	Speed 6819.203 (6746.215)	Loss 0.12653 (0.1288)	
Epoch: [12][50/396]	Time 0.054 (0.071)	Speed 9526.618 (7164.411)	Loss 0.12750 (0.1285)	
Epoch: [12][60/396]	Time 0.073 (0.072)	Speed 7005.251 (7137.384)	Loss 0.13068 (0.1289)	
Epoch: [12][70/396]	Time 0.053 (0.069)	Speed 9660.417 (7414.003)	Loss 0.12948 (0.1290)	
Epoch: [12][80/396]	Time 0.072 (0.069)	Speed 7077.552 (7370.208)	Loss 0.13107 (0.1292)	
Epoch: [12][90/396]	Time 0.057 (0.068)	Speed 8997.439 (7521.349)	Loss 0.13172 (0.1295)	
Epoch: [12][100/396]	Time 0.072 (0.068)	Speed 7115.100 (7478.648)	Loss 0.12706 (0.1293)	
Epoch: [12][110/396]	Time 0.057 (0.067)	Speed 8935.064 (7591.135)	Loss 0.12656 (0.1290)	
Epoch: [12][120/396]	Time 0.073 (0.068)	Speed 7037.538 (7541.697)	Loss 0.12928 (0.1290)	
Epoch: [12][130/396]	Time 0.056 (0.067)	Speed 9161.053 (7645.658)	Loss 0.13009 (0.1291)	
Epoch: [12][140/396]	Time 0.074 (0.067)	Speed 6929.837 (7589.659)	Loss 0.13357 (0.1294)	
Epoch: [12][150/396]	Time 0.055 (0.067)	Speed 9381.706 (7687.555)	Loss 0.13133 (0.1296)	
Epoch: [12][160/396]	Time 0.076 (0.067)	Speed 6775.465 (7623.415)	Loss 0.12927 (0.1295)	
Epoch: [12][170/396]	Time 0.053 (0.066)	Speed 9660.391 (7719.159)	Loss 0.12922 (0.1295)	
Epoch: [12][180/396]	Time 0.073 (0.067)	Speed 7001.830 (7675.474)	Loss 0.13178 (0.1297)	
Epoch: [12][190/396]	Time 0.056 (0.066)	Speed 9203.948 (7743.152)	Loss 0.12795 (0.1296)	
Epoch: [12][200/396]	Time 0.076 (0.067)	Speed 6745.533 (7686.314)	Loss 0.12887 (0.1295)	
Epoch: [12][210/396]	Time 0.055 (0.066)	Speed 9272.950 (7749.455)	Loss 0.13053 (0.1296)	
Epoch: [12][220/396]	Time 0.077 (0.067)	Speed 6670.706 (7692.907)	Loss 0.12674 (0.1294)	
Epoch: [12][230/396]	Time 0.053 (0.066)	Speed 9631.138 (7760.813)	Loss 0.12667 (0.1293)	
Epoch: [12][240/396]	Time 0.075 (0.066)	Speed 6816.004 (7716.247)	Loss 0.12581 (0.1292)	
Epoch: [12][250/396]	Time 0.055 (0.066)	Speed 9333.809 (7770.109)	Loss 0.13319 (0.1293)	
Epoch: [12][260/396]	Time 0.077 (0.066)	Speed 6627.801 (7718.941)	Loss 0.12811 (0.1293)	
Epoch: [12][270/396]	Time 0.054 (0.066)	Speed 9534.701 (7773.772)	Loss 0.12893 (0.1293)	
Epoch: [12][280/396]	Time 0.075 (0.066)	Speed 6786.093 (7733.572)	Loss 0.12668 (0.1292)	
Epoch: [12][290/396]	Time 0.054 (0.066)	Speed 9427.504 (7781.787)	Loss 0.12655 (0.1291)	
Epoch: [12][300/396]	Time 0.075 (0.066)	Speed 6823.164 (7745.513)	Loss 0.13223 (0.1292)	
Epoch: [12][310/396]	Time 0.056 (0.066)	Speed 9184.506 (7784.859)	Loss 0.12865 (0.1292)	
Epoch: [12][320/396]	Time 0.075 (0.066)	Speed 6808.801 (7750.140)	Loss 0.12467 (0.1290)	
Epoch: [12][330/396]	Time 0.058 (0.066)	Speed 8898.123 (7780.558)	Loss 0.12937 (0.1291)	
Epoch: [12][340/396]	Time 0.075 (0.066)	Speed 6837.319 (7749.116)	Loss 0.12842 (0.1290)	
Epoch: [12][350/396]	Time 0.057 (0.066)	Speed 8975.332 (7779.483)	Loss 0.12527 (0.1289)	
Epoch: [12][360/396]	Time 0.073 (0.066)	Speed 6996.330 (7755.369)	Loss 0.13031 (0.1290)	
Epoch: [12][370/396]	Time 0.064 (0.066)	Speed 8053.283 (7763.130)	Loss 0.13154 (0.1290)	
Epoch: [12][380/396]	Time 0.064 (0.066)	Speed 8032.841 (7769.996)	Loss 0.12877 (0.1290)	
Epoch: [12][390/396]	Time 0.060 (0.066)	Speed 8472.833 (7786.557)	Loss 0.12478 (0.1289)	
[Training] Epoch:12 total_time: 25.911
Epoch: [13][10/396]	Time 0.093 (0.093)	Speed 5524.192 (5524.192)	Loss 0.12731 (0.1273)	
Epoch: [13][20/396]	Time 0.078 (0.085)	Speed 6579.833 (6005.979)	Loss 0.12684 (0.1271)	
Epoch: [13][30/396]	Time 0.057 (0.076)	Speed 9053.026 (6764.957)	Loss 0.12982 (0.1280)	
Epoch: [13][40/396]	Time 0.073 (0.075)	Speed 7010.289 (6824.666)	Loss 0.13121 (0.1288)	
Epoch: [13][50/396]	Time 0.055 (0.071)	Speed 9364.552 (7216.101)	Loss 0.12785 (0.1286)	
Epoch: [13][60/396]	Time 0.079 (0.072)	Speed 6446.250 (7075.272)	Loss 0.12846 (0.1286)	
Epoch: [13][70/396]	Time 0.053 (0.070)	Speed 9594.133 (7350.978)	Loss 0.13139 (0.1290)	
Epoch: [13][80/396]	Time 0.070 (0.070)	Speed 7286.581 (7342.866)	Loss 0.12954 (0.1291)	
Epoch: [13][90/396]	Time 0.053 (0.068)	Speed 9649.487 (7543.214)	Loss 0.12634 (0.1288)	
Epoch: [13][100/396]	Time 0.073 (0.068)	Speed 7003.584 (7485.538)	Loss 0.12821 (0.1287)	
Epoch: [13][110/396]	Time 0.055 (0.067)	Speed 9335.331 (7622.853)	Loss 0.13222 (0.1290)	
Epoch: [13][120/396]	Time 0.073 (0.068)	Speed 7033.772 (7570.020)	Loss 0.12887 (0.1290)	
Epoch: [13][130/396]	Time 0.053 (0.066)	Speed 9684.491 (7699.331)	Loss 0.12761 (0.1289)	
Epoch: [13][140/396]	Time 0.073 (0.067)	Speed 7047.141 (7648.769)	Loss 0.12717 (0.1288)	
Epoch: [13][150/396]	Time 0.056 (0.066)	Speed 9119.682 (7731.907)	Loss 0.12570 (0.1286)	
Epoch: [13][160/396]	Time 0.073 (0.067)	Speed 7031.611 (7684.078)	Loss 0.12605 (0.1284)	
Epoch: [13][170/396]	Time 0.051 (0.066)	Speed 10046.623 (7791.861)	Loss 0.13024 (0.1285)	
Epoch: [13][180/396]	Time 0.072 (0.066)	Speed 7080.682 (7748.624)	Loss 0.13114 (0.1287)	
Epoch: [13][190/396]	Time 0.056 (0.066)	Speed 9075.791 (7808.723)	Loss 0.12621 (0.1285)	
Epoch: [13][200/396]	Time 0.072 (0.066)	Speed 7152.964 (7773.093)	Loss 0.12883 (0.1286)	
Epoch: [13][210/396]	Time 0.056 (0.065)	Speed 9215.893 (7831.477)	Loss 0.13137 (0.1287)	
Epoch: [13][220/396]	Time 0.073 (0.066)	Speed 6976.991 (7788.121)	Loss 0.12973 (0.1287)	
Epoch: [13][230/396]	Time 0.057 (0.065)	Speed 8967.645 (7832.915)	Loss 0.12733 (0.1287)	
Epoch: [13][240/396]	Time 0.071 (0.066)	Speed 7161.048 (7802.413)	Loss 0.12811 (0.1286)	
Epoch: [13][250/396]	Time 0.050 (0.065)	Speed 10241.279 (7877.451)	Loss 0.12888 (0.1287)	
Epoch: [13][260/396]	Time 0.073 (0.065)	Speed 7040.298 (7841.588)	Loss 0.12930 (0.1287)	
Epoch: [13][270/396]	Time 0.051 (0.065)	Speed 10081.780 (7906.658)	Loss 0.12951 (0.1287)	
Epoch: [13][280/396]	Time 0.073 (0.065)	Speed 6988.880 (7869.749)	Loss 0.12694 (0.1286)	
Epoch: [13][290/396]	Time 0.054 (0.065)	Speed 9491.468 (7916.390)	Loss 0.12666 (0.1286)	
Epoch: [13][300/396]	Time 0.066 (0.065)	Speed 7700.074 (7908.984)	Loss 0.12630 (0.1285)	
Epoch: [13][310/396]	Time 0.062 (0.065)	Speed 8252.509 (7919.618)	Loss 0.12760 (0.1285)	
Epoch: [13][320/396]	Time 0.066 (0.065)	Speed 7750.010 (7914.206)	Loss 0.13078 (0.1285)	
Epoch: [13][330/396]	Time 0.059 (0.065)	Speed 8656.908 (7934.835)	Loss 0.12935 (0.1286)	
Epoch: [13][340/396]	Time 0.067 (0.065)	Speed 7599.019 (7924.535)	Loss 0.12931 (0.1286)	
Epoch: [13][350/396]	Time 0.054 (0.064)	Speed 9431.902 (7960.885)	Loss 0.12919 (0.1286)	
Epoch: [13][360/396]	Time 0.072 (0.065)	Speed 7087.571 (7933.731)	Loss 0.12991 (0.1286)	
Epoch: [13][370/396]	Time 0.050 (0.064)	Speed 10154.264 (7980.900)	Loss 0.12775 (0.1286)	
Epoch: [13][380/396]	Time 0.073 (0.064)	Speed 6991.178 (7951.278)	Loss 0.12934 (0.1286)	
Epoch: [13][390/396]	Time 0.051 (0.064)	Speed 10095.150 (7994.812)	Loss 0.12959 (0.1287)	
[Training] Epoch:13 total_time: 25.245
Epoch: [14][10/396]	Time 0.094 (0.094)	Speed 5471.815 (5471.815)	Loss 0.12843 (0.1284)	
Epoch: [14][20/396]	Time 0.080 (0.087)	Speed 6436.149 (5914.935)	Loss 0.12849 (0.1285)	
Epoch: [14][30/396]	Time 0.057 (0.077)	Speed 9053.270 (6687.704)	Loss 0.12963 (0.1289)	
Epoch: [14][40/396]	Time 0.075 (0.076)	Speed 6792.992 (6713.719)	Loss 0.12664 (0.1283)	
Epoch: [14][50/396]	Time 0.055 (0.072)	Speed 9318.686 (7111.301)	Loss 0.12864 (0.1284)	
Epoch: [14][60/396]	Time 0.076 (0.073)	Speed 6720.732 (7043.084)	Loss 0.12759 (0.1282)	
Epoch: [14][70/396]	Time 0.051 (0.070)	Speed 10066.237 (7358.804)	Loss 0.12800 (0.1282)	
Epoch: [14][80/396]	Time 0.074 (0.070)	Speed 6899.420 (7298.063)	Loss 0.12978 (0.1284)	
Epoch: [14][90/396]	Time 0.053 (0.068)	Speed 9721.088 (7505.939)	Loss 0.12808 (0.1284)	
Epoch: [14][100/396]	Time 0.070 (0.068)	Speed 7323.602 (7487.298)	Loss 0.12913 (0.1284)	
Epoch: [14][110/396]	Time 0.051 (0.067)	Speed 10046.289 (7664.787)	Loss 0.13044 (0.1286)	
Epoch: [14][120/396]	Time 0.075 (0.068)	Speed 6785.842 (7582.938)	Loss 0.12819 (0.1286)	
Epoch: [14][130/396]	Time 0.055 (0.067)	Speed 9360.213 (7695.334)	Loss 0.13075 (0.1288)	
Epoch: [14][140/396]	Time 0.073 (0.067)	Speed 7019.389 (7642.765)	Loss 0.12469 (0.1285)	
Epoch: [14][150/396]	Time 0.052 (0.066)	Speed 9800.022 (7756.594)	Loss 0.12945 (0.1285)	
Epoch: [14][160/396]	Time 0.074 (0.066)	Speed 6958.694 (7701.403)	Loss 0.12945 (0.1286)	
Epoch: [14][170/396]	Time 0.053 (0.066)	Speed 9612.096 (7792.520)	Loss 0.12757 (0.1285)	
Epoch: [14][180/396]	Time 0.072 (0.066)	Speed 7113.660 (7751.425)	Loss 0.12654 (0.1284)	
Epoch: [14][190/396]	Time 0.055 (0.065)	Speed 9270.605 (7818.860)	Loss 0.12748 (0.1284)	
Epoch: [14][200/396]	Time 0.074 (0.066)	Speed 6880.211 (7765.886)	Loss 0.12979 (0.1284)	
Epoch: [14][210/396]	Time 0.055 (0.065)	Speed 9322.339 (7828.124)	Loss 0.12782 (0.1284)	
Epoch: [14][220/396]	Time 0.082 (0.066)	Speed 6267.491 (7740.513)	Loss 0.13122 (0.1285)	
Epoch: [14][230/396]	Time 0.054 (0.066)	Speed 9409.341 (7800.666)	Loss 0.12722 (0.1285)	
Epoch: [14][240/396]	Time 0.073 (0.066)	Speed 7038.678 (7765.638)	Loss 0.13101 (0.1286)	
Epoch: [14][250/396]	Time 0.055 (0.065)	Speed 9311.114 (7817.540)	Loss 0.12855 (0.1286)	
Epoch: [14][260/396]	Time 0.076 (0.066)	Speed 6697.504 (7767.579)	Loss 0.12792 (0.1286)	
Epoch: [14][270/396]	Time 0.057 (0.066)	Speed 8913.776 (7804.749)	Loss 0.12925 (0.1286)	
Epoch: [14][280/396]	Time 0.078 (0.066)	Speed 6587.074 (7753.560)	Loss 0.12605 (0.1285)	
Epoch: [14][290/396]	Time 0.056 (0.066)	Speed 9196.979 (7795.750)	Loss 0.12977 (0.1285)	
Epoch: [14][300/396]	Time 0.077 (0.066)	Speed 6682.644 (7752.705)	Loss 0.13032 (0.1286)	
Epoch: [14][310/396]	Time 0.054 (0.066)	Speed 9501.013 (7798.999)	Loss 0.13197 (0.1287)	
Epoch: [14][320/396]	Time 0.078 (0.066)	Speed 6571.304 (7753.730)	Loss 0.12690 (0.1286)	
Epoch: [14][330/396]	Time 0.057 (0.066)	Speed 8969.810 (7785.716)	Loss 0.12980 (0.1287)	
Epoch: [14][340/396]	Time 0.075 (0.066)	Speed 6784.575 (7752.072)	Loss 0.12652 (0.1286)	
Epoch: [14][350/396]	Time 0.056 (0.066)	Speed 9165.886 (7786.387)	Loss 0.13334 (0.1288)	
Epoch: [14][360/396]	Time 0.082 (0.066)	Speed 6220.757 (7732.330)	Loss 0.13028 (0.1288)	
Epoch: [14][370/396]	Time 0.058 (0.066)	Speed 8879.546 (7759.424)	Loss 0.12818 (0.1288)	
Epoch: [14][380/396]	Time 0.074 (0.066)	Speed 6876.619 (7733.299)	Loss 0.12764 (0.1287)	
Epoch: [14][390/396]	Time 0.050 (0.066)	Speed 10232.549 (7782.035)	Loss 0.13072 (0.1288)	
[Training] Epoch:14 total_time: 25.939
Epoch: [15][10/396]	Time 0.090 (0.090)	Speed 5659.847 (5659.847)	Loss 0.12826 (0.1283)	
Epoch: [15][20/396]	Time 0.068 (0.079)	Speed 7572.946 (6478.106)	Loss 0.12790 (0.1281)	
Epoch: [15][30/396]	Time 0.054 (0.071)	Speed 9514.669 (7249.299)	Loss 0.12691 (0.1277)	
Epoch: [15][40/396]	Time 0.069 (0.070)	Speed 7451.262 (7298.757)	Loss 0.13152 (0.1286)	
Epoch: [15][50/396]	Time 0.052 (0.067)	Speed 9753.721 (7685.645)	Loss 0.12773 (0.1285)	
Epoch: [15][60/396]	Time 0.069 (0.067)	Speed 7373.074 (7631.722)	Loss 0.13174 (0.1290)	
Epoch: [15][70/396]	Time 0.055 (0.065)	Speed 9228.879 (7825.184)	Loss 0.13059 (0.1292)	
Epoch: [15][80/396]	Time 0.072 (0.066)	Speed 7087.723 (7724.717)	Loss 0.12893 (0.1292)	
Epoch: [15][90/396]	Time 0.056 (0.065)	Speed 9202.300 (7865.035)	Loss 0.12673 (0.1289)	
Epoch: [15][100/396]	Time 0.073 (0.066)	Speed 7033.412 (7773.126)	Loss 0.12807 (0.1288)	
Epoch: [15][110/396]	Time 0.055 (0.065)	Speed 9382.808 (7896.277)	Loss 0.12930 (0.1289)	
Epoch: [15][120/396]	Time 0.075 (0.066)	Speed 6848.380 (7796.858)	Loss 0.12838 (0.1288)	
Epoch: [15][130/396]	Time 0.051 (0.065)	Speed 9958.033 (7929.232)	Loss 0.13163 (0.1291)	
Epoch: [15][140/396]	Time 0.076 (0.065)	Speed 6699.019 (7826.570)	Loss 0.13107 (0.1292)	
Epoch: [15][150/396]	Time 0.057 (0.065)	Speed 8962.330 (7893.255)	Loss 0.12826 (0.1291)	
Epoch: [15][160/396]	Time 0.067 (0.065)	Speed 7609.435 (7874.897)	Loss 0.12915 (0.1291)	
Epoch: [15][170/396]	Time 0.062 (0.065)	Speed 8268.078 (7896.988)	Loss 0.12829 (0.1291)	
Epoch: [15][180/396]	Time 0.066 (0.065)	Speed 7733.546 (7887.727)	Loss 0.13021 (0.1291)	
Epoch: [15][190/396]	Time 0.064 (0.065)	Speed 7943.235 (7890.629)	Loss 0.12816 (0.1291)	
Epoch: [15][200/396]	Time 0.064 (0.065)	Speed 7965.373 (7894.333)	Loss 0.12643 (0.1290)	
Epoch: [15][210/396]	Time 0.063 (0.065)	Speed 8088.210 (7903.354)	Loss 0.12783 (0.1289)	
Epoch: [15][220/396]	Time 0.069 (0.065)	Speed 7415.728 (7879.802)	Loss 0.12945 (0.1289)	
Epoch: [15][230/396]	Time 0.059 (0.065)	Speed 8610.907 (7908.998)	Loss 0.12968 (0.1290)	
Epoch: [15][240/396]	Time 0.067 (0.065)	Speed 7631.010 (7897.011)	Loss 0.12789 (0.1289)	
Epoch: [15][250/396]	Time 0.063 (0.065)	Speed 8100.539 (7904.956)	Loss 0.12862 (0.1289)	
Epoch: [15][260/396]	Time 0.063 (0.065)	Speed 8116.557 (7912.890)	Loss 0.13148 (0.1290)	
Epoch: [15][270/396]	Time 0.066 (0.065)	Speed 7716.434 (7905.436)	Loss 0.12956 (0.1290)	
Epoch: [15][280/396]	Time 0.060 (0.065)	Speed 8579.824 (7927.691)	Loss 0.12681 (0.1289)	
Epoch: [15][290/396]	Time 0.071 (0.065)	Speed 7170.701 (7898.936)	Loss 0.13034 (0.1290)	
Epoch: [15][300/396]	Time 0.056 (0.065)	Speed 9073.325 (7933.164)	Loss 0.12880 (0.1290)	
Epoch: [15][310/396]	Time 0.073 (0.065)	Speed 6977.390 (7898.263)	Loss 0.13206 (0.1291)	
Epoch: [15][320/396]	Time 0.057 (0.065)	Speed 8963.471 (7927.704)	Loss 0.12758 (0.1290)	
Epoch: [15][330/396]	Time 0.072 (0.065)	Speed 7083.353 (7899.171)	Loss 0.12812 (0.1290)	
Epoch: [15][340/396]	Time 0.054 (0.065)	Speed 9465.242 (7937.799)	Loss 0.13054 (0.1291)	
Epoch: [15][350/396]	Time 0.076 (0.065)	Speed 6773.903 (7899.021)	Loss 0.13121 (0.1291)	
Epoch: [15][360/396]	Time 0.055 (0.065)	Speed 9381.956 (7933.856)	Loss 0.12734 (0.1291)	
Epoch: [15][370/396]	Time 0.078 (0.065)	Speed 6528.340 (7887.958)	Loss 0.13271 (0.1292)	
Epoch: [15][380/396]	Time 0.049 (0.064)	Speed 10425.710 (7938.811)	Loss 0.12771 (0.1291)	
Epoch: [15][390/396]	Time 0.070 (0.065)	Speed 7336.580 (7922.136)	Loss 0.12946 (0.1291)	
[Training] Epoch:15 total_time: 25.468
Epoch: [16][10/396]	Time 0.088 (0.088)	Speed 5833.973 (5833.973)	Loss 0.13035 (0.1303)	
Epoch: [16][20/396]	Time 0.066 (0.077)	Speed 7755.544 (6658.902)	Loss 0.12549 (0.1279)	
Epoch: [16][30/396]	Time 0.053 (0.069)	Speed 9739.742 (7443.764)	Loss 0.12743 (0.1278)	
Epoch: [16][40/396]	Time 0.070 (0.069)	Speed 7357.389 (7421.981)	Loss 0.12664 (0.1275)	
Epoch: [16][50/396]	Time 0.055 (0.066)	Speed 9340.435 (7739.925)	Loss 0.12814 (0.1276)	
Epoch: [16][60/396]	Time 0.073 (0.067)	Speed 6992.640 (7604.480)	Loss 0.12705 (0.1275)	
Epoch: [16][70/396]	Time 0.054 (0.065)	Speed 9480.540 (7825.707)	Loss 0.12516 (0.1272)	
Epoch: [16][80/396]	Time 0.077 (0.067)	Speed 6622.146 (7651.868)	Loss 0.12846 (0.1273)	
Epoch: [16][90/396]	Time 0.055 (0.066)	Speed 9321.469 (7807.244)	Loss 0.13249 (0.1279)	
Epoch: [16][100/396]	Time 0.078 (0.067)	Speed 6577.029 (7663.893)	Loss 0.12878 (0.1280)	
Epoch: [16][110/396]	Time 0.051 (0.065)	Speed 9982.622 (7829.215)	Loss 0.13062 (0.1282)	
Epoch: [16][120/396]	Time 0.075 (0.066)	Speed 6782.210 (7729.775)	Loss 0.13016 (0.1284)	
Epoch: [16][130/396]	Time 0.056 (0.065)	Speed 9144.485 (7822.871)	Loss 0.13210 (0.1287)	
Epoch: [16][140/396]	Time 0.075 (0.066)	Speed 6856.223 (7744.875)	Loss 0.13015 (0.1288)	
Epoch: [16][150/396]	Time 0.051 (0.065)	Speed 10132.923 (7868.501)	Loss 0.12772 (0.1287)	
Epoch: [16][160/396]	Time 0.073 (0.066)	Speed 6977.079 (7806.167)	Loss 0.12717 (0.1286)	
Epoch: [16][170/396]	Time 0.050 (0.065)	Speed 10238.145 (7916.788)	Loss 0.12766 (0.1286)	
Epoch: [16][180/396]	Time 0.073 (0.065)	Speed 7011.518 (7860.406)	Loss 0.12709 (0.1285)	
Epoch: [16][190/396]	Time 0.051 (0.064)	Speed 9952.476 (7948.343)	Loss 0.12767 (0.1284)	
Epoch: [16][200/396]	Time 0.074 (0.065)	Speed 6954.836 (7891.974)	Loss 0.13101 (0.1286)	
Epoch: [16][210/396]	Time 0.057 (0.064)	Speed 9055.855 (7940.571)	Loss 0.12804 (0.1285)	
Epoch: [16][220/396]	Time 0.072 (0.065)	Speed 7090.173 (7897.515)	Loss 0.12946 (0.1286)	
Epoch: [16][230/396]	Time 0.052 (0.064)	Speed 9908.736 (7967.831)	Loss 0.12671 (0.1285)	
Epoch: [16][240/396]	Time 0.074 (0.065)	Speed 6962.654 (7920.189)	Loss 0.12605 (0.1284)	
Epoch: [16][250/396]	Time 0.050 (0.064)	Speed 10217.817 (7992.074)	Loss 0.12743 (0.1284)	
Epoch: [16][260/396]	Time 0.074 (0.064)	Speed 6956.059 (7946.554)	Loss 0.12826 (0.1284)	
Epoch: [16][270/396]	Time 0.053 (0.064)	Speed 9644.837 (7998.718)	Loss 0.13303 (0.1285)	
Epoch: [16][280/396]	Time 0.075 (0.064)	Speed 6864.426 (7951.790)	Loss 0.13327 (0.1287)	
Epoch: [16][290/396]	Time 0.052 (0.064)	Speed 9861.736 (8005.252)	Loss 0.12746 (0.1287)	
Epoch: [16][300/396]	Time 0.073 (0.064)	Speed 6984.770 (7966.455)	Loss 0.12976 (0.1287)	
Epoch: [16][310/396]	Time 0.051 (0.064)	Speed 10088.231 (8020.873)	Loss 0.12788 (0.1287)	
Epoch: [16][320/396]	Time 0.075 (0.064)	Speed 6800.285 (7976.135)	Loss 0.12998 (0.1287)	
Epoch: [16][330/396]	Time 0.055 (0.064)	Speed 9276.560 (8010.162)	Loss 0.13074 (0.1288)	
Epoch: [16][340/396]	Time 0.074 (0.064)	Speed 6949.999 (7974.385)	Loss 0.13091 (0.1288)	
Epoch: [16][350/396]	Time 0.052 (0.064)	Speed 9870.370 (8018.391)	Loss 0.12864 (0.1288)	
Epoch: [16][360/396]	Time 0.073 (0.064)	Speed 6996.750 (7986.000)	Loss 0.12907 (0.1288)	
Epoch: [16][370/396]	Time 0.052 (0.064)	Speed 9779.470 (8025.780)	Loss 0.13357 (0.1290)	
Epoch: [16][380/396]	Time 0.073 (0.064)	Speed 6986.102 (7994.471)	Loss 0.13143 (0.1290)	
Epoch: [16][390/396]	Time 0.050 (0.064)	Speed 10264.723 (8040.066)	Loss 0.12816 (0.1290)	
[Training] Epoch:16 total_time: 25.102
Epoch: [17][10/396]	Time 0.089 (0.089)	Speed 5746.993 (5746.993)	Loss 0.12878 (0.1288)	
Epoch: [17][20/396]	Time 0.067 (0.078)	Speed 7684.729 (6576.087)	Loss 0.12764 (0.1282)	
Epoch: [17][30/396]	Time 0.052 (0.069)	Speed 9922.049 (7408.910)	Loss 0.12855 (0.1283)	
Epoch: [17][40/396]	Time 0.070 (0.069)	Speed 7348.102 (7393.614)	Loss 0.13021 (0.1288)	
Epoch: [17][50/396]	Time 0.056 (0.067)	Speed 9127.726 (7685.642)	Loss 0.12464 (0.1280)	
Epoch: [17][60/396]	Time 0.076 (0.068)	Speed 6744.940 (7511.050)	Loss 0.12789 (0.1280)	
Epoch: [17][70/396]	Time 0.057 (0.067)	Speed 8993.411 (7692.176)	Loss 0.12709 (0.1278)	
Epoch: [17][80/396]	Time 0.076 (0.068)	Speed 6753.303 (7560.785)	Loss 0.12258 (0.1272)	
Epoch: [17][90/396]	Time 0.056 (0.066)	Speed 9146.219 (7709.268)	Loss 0.12986 (0.1275)	
Epoch: [17][100/396]	Time 0.074 (0.067)	Speed 6897.368 (7619.577)	Loss 0.12940 (0.1277)	
Epoch: [17][110/396]	Time 0.056 (0.066)	Speed 9221.837 (7741.860)	Loss 0.12936 (0.1278)	
Epoch: [17][120/396]	Time 0.074 (0.067)	Speed 6930.098 (7667.020)	Loss 0.12480 (0.1276)	
Epoch: [17][130/396]	Time 0.051 (0.066)	Speed 10092.464 (7811.425)	Loss 0.12673 (0.1275)	
Epoch: [17][140/396]	Time 0.076 (0.066)	Speed 6771.758 (7726.691)	Loss 0.13023 (0.1277)	
Epoch: [17][150/396]	Time 0.055 (0.066)	Speed 9273.964 (7813.599)	Loss 0.12961 (0.1278)	
Epoch: [17][160/396]	Time 0.074 (0.066)	Speed 6886.304 (7748.388)	Loss 0.12444 (0.1276)	
Epoch: [17][170/396]	Time 0.054 (0.065)	Speed 9549.953 (7835.335)	Loss 0.12776 (0.1276)	
Epoch: [17][180/396]	Time 0.073 (0.066)	Speed 6986.277 (7782.787)	Loss 0.12563 (0.1275)	
Epoch: [17][190/396]	Time 0.053 (0.065)	Speed 9652.124 (7862.936)	Loss 0.12805 (0.1275)	
Epoch: [17][200/396]	Time 0.075 (0.066)	Speed 6848.470 (7805.127)	Loss 0.13279 (0.1278)	
Epoch: [17][210/396]	Time 0.054 (0.065)	Speed 9518.165 (7872.597)	Loss 0.12818 (0.1278)	
Epoch: [17][220/396]	Time 0.074 (0.065)	Speed 6964.060 (7826.188)	Loss 0.12649 (0.1278)	
Epoch: [17][230/396]	Time 0.054 (0.065)	Speed 9416.847 (7884.090)	Loss 0.13072 (0.1279)	
Epoch: [17][240/396]	Time 0.073 (0.065)	Speed 7004.820 (7843.070)	Loss 0.12700 (0.1279)	
Epoch: [17][250/396]	Time 0.059 (0.065)	Speed 8664.215 (7872.916)	Loss 0.12415 (0.1277)	
Epoch: [17][260/396]	Time 0.075 (0.065)	Speed 6827.300 (7826.812)	Loss 0.12787 (0.1277)	
Epoch: [17][270/396]	Time 0.059 (0.065)	Speed 8687.808 (7855.646)	Loss 0.13039 (0.1278)	
Epoch: [17][280/396]	Time 0.075 (0.066)	Speed 6855.913 (7814.947)	Loss 0.12696 (0.1278)	
Epoch: [17][290/396]	Time 0.052 (0.065)	Speed 9923.007 (7872.619)	Loss 0.13235 (0.1279)	
Epoch: [17][300/396]	Time 0.074 (0.065)	Speed 6934.523 (7837.278)	Loss 0.12693 (0.1279)	
Epoch: [17][310/396]	Time 0.052 (0.065)	Speed 9759.861 (7887.398)	Loss 0.12815 (0.1279)	
Epoch: [17][320/396]	Time 0.074 (0.065)	Speed 6920.448 (7853.109)	Loss 0.12774 (0.1279)	
Epoch: [17][330/396]	Time 0.059 (0.065)	Speed 8726.728 (7877.004)	Loss 0.12875 (0.1279)	
Epoch: [17][340/396]	Time 0.074 (0.065)	Speed 6879.671 (7843.561)	Loss 0.12674 (0.1279)	
Epoch: [17][350/396]	Time 0.055 (0.065)	Speed 9354.195 (7879.920)	Loss 0.12834 (0.1279)	
Epoch: [17][360/396]	Time 0.078 (0.065)	Speed 6543.278 (7835.458)	Loss 0.12834 (0.1279)	
Epoch: [17][370/396]	Time 0.052 (0.065)	Speed 9841.362 (7878.861)	Loss 0.12654 (0.1279)	
Epoch: [17][380/396]	Time 0.078 (0.065)	Speed 6546.286 (7836.880)	Loss 0.13033 (0.1279)	
Epoch: [17][390/396]	Time 0.053 (0.065)	Speed 9585.089 (7873.702)	Loss 0.12621 (0.1279)	
[Training] Epoch:17 total_time: 25.637
Epoch: [18][10/396]	Time 0.093 (0.093)	Speed 5510.716 (5510.716)	Loss 0.12838 (0.1284)	
Epoch: [18][20/396]	Time 0.074 (0.083)	Speed 6932.593 (6140.417)	Loss 0.12936 (0.1289)	
Epoch: [18][30/396]	Time 0.059 (0.075)	Speed 8702.376 (6808.558)	Loss 0.12532 (0.1277)	
Epoch: [18][40/396]	Time 0.075 (0.075)	Speed 6788.856 (6803.622)	Loss 0.12595 (0.1273)	
Epoch: [18][50/396]	Time 0.052 (0.071)	Speed 9770.545 (7243.536)	Loss 0.12948 (0.1277)	
Epoch: [18][60/396]	Time 0.074 (0.071)	Speed 6945.777 (7192.149)	Loss 0.12890 (0.1279)	
Epoch: [18][70/396]	Time 0.053 (0.069)	Speed 9592.076 (7458.745)	Loss 0.12614 (0.1276)	
Epoch: [18][80/396]	Time 0.073 (0.069)	Speed 7009.930 (7399.525)	Loss 0.12730 (0.1276)	
Epoch: [18][90/396]	Time 0.055 (0.068)	Speed 9230.323 (7566.274)	Loss 0.13053 (0.1279)	
Epoch: [18][100/396]	Time 0.071 (0.068)	Speed 7176.759 (7525.430)	Loss 0.12645 (0.1278)	
Epoch: [18][110/396]	Time 0.053 (0.067)	Speed 9657.823 (7679.576)	Loss 0.12944 (0.1279)	
Epoch: [18][120/396]	Time 0.073 (0.067)	Speed 7022.701 (7620.180)	Loss 0.12587 (0.1278)	
Epoch: [18][130/396]	Time 0.055 (0.066)	Speed 9354.940 (7730.450)	Loss 0.12645 (0.1277)	
Epoch: [18][140/396]	Time 0.072 (0.067)	Speed 7092.013 (7681.060)	Loss 0.12937 (0.1278)	
Epoch: [18][150/396]	Time 0.054 (0.066)	Speed 9521.638 (7781.338)	Loss 0.12880 (0.1279)	
Epoch: [18][160/396]	Time 0.074 (0.066)	Speed 6919.670 (7721.245)	Loss 0.13085 (0.1280)	
Epoch: [18][170/396]	Time 0.055 (0.066)	Speed 9244.477 (7796.816)	Loss 0.12992 (0.1281)	
Epoch: [18][180/396]	Time 0.071 (0.066)	Speed 7170.567 (7759.168)	Loss 0.13006 (0.1283)	
Epoch: [18][190/396]	Time 0.055 (0.065)	Speed 9377.961 (7830.307)	Loss 0.12926 (0.1283)	
Epoch: [18][200/396]	Time 0.069 (0.066)	Speed 7401.862 (7807.710)	Loss 0.12834 (0.1283)	
Epoch: [18][210/396]	Time 0.058 (0.065)	Speed 8861.420 (7852.172)	Loss 0.12861 (0.1283)	
Epoch: [18][220/396]	Time 0.068 (0.065)	Speed 7503.935 (7835.644)	Loss 0.12896 (0.1284)	
Epoch: [18][230/396]	Time 0.066 (0.065)	Speed 7766.783 (7832.624)	Loss 0.13245 (0.1285)	
Epoch: [18][240/396]	Time 0.061 (0.065)	Speed 8362.042 (7853.341)	Loss 0.12757 (0.1285)	
Epoch: [18][250/396]	Time 0.070 (0.065)	Speed 7264.746 (7827.972)	Loss 0.12755 (0.1285)	
Epoch: [18][260/396]	Time 0.063 (0.065)	Speed 8177.127 (7840.849)	Loss 0.12820 (0.1284)	
Epoch: [18][270/396]	Time 0.067 (0.065)	Speed 7698.939 (7835.500)	Loss 0.12765 (0.1284)	
Epoch: [18][280/396]	Time 0.066 (0.065)	Speed 7733.546 (7831.812)	Loss 0.12857 (0.1284)	
Epoch: [18][290/396]	Time 0.060 (0.065)	Speed 8570.733 (7855.165)	Loss 0.13068 (0.1285)	
Epoch: [18][300/396]	Time 0.067 (0.065)	Speed 7611.412 (7846.789)	Loss 0.13142 (0.1286)	
Epoch: [18][310/396]	Time 0.053 (0.065)	Speed 9573.889 (7892.719)	Loss 0.12644 (0.1285)	
Epoch: [18][320/396]	Time 0.074 (0.065)	Speed 6881.264 (7856.630)	Loss 0.12808 (0.1285)	
Epoch: [18][330/396]	Time 0.058 (0.065)	Speed 8902.690 (7884.705)	Loss 0.12932 (0.1285)	
Epoch: [18][340/396]	Time 0.070 (0.065)	Speed 7353.225 (7867.979)	Loss 0.12739 (0.1285)	
Epoch: [18][350/396]	Time 0.059 (0.065)	Speed 8661.632 (7888.631)	Loss 0.12864 (0.1285)	
Epoch: [18][360/396]	Time 0.071 (0.065)	Speed 7170.212 (7866.736)	Loss 0.12879 (0.1285)	
Epoch: [18][370/396]	Time 0.058 (0.065)	Speed 8833.186 (7890.067)	Loss 0.12750 (0.1285)	
Epoch: [18][380/396]	Time 0.066 (0.065)	Speed 7767.929 (7886.804)	Loss 0.13098 (0.1286)	
Epoch: [18][390/396]	Time 0.055 (0.065)	Speed 9246.423 (7916.652)	Loss 0.13069 (0.1286)	
[Training] Epoch:18 total_time: 25.510
Epoch: [19][10/396]	Time 0.095 (0.095)	Speed 5406.541 (5406.541)	Loss 0.13029 (0.1303)	
Epoch: [19][20/396]	Time 0.076 (0.085)	Speed 6768.554 (6011.365)	Loss 0.12671 (0.1285)	
Epoch: [19][30/396]	Time 0.061 (0.077)	Speed 8410.610 (6643.038)	Loss 0.12867 (0.1286)	
Epoch: [19][40/396]	Time 0.069 (0.075)	Speed 7400.120 (6817.405)	Loss 0.12561 (0.1278)	
Epoch: [19][50/396]	Time 0.059 (0.072)	Speed 8681.781 (7123.346)	Loss 0.13110 (0.1285)	
Epoch: [19][60/396]	Time 0.067 (0.071)	Speed 7671.776 (7209.241)	Loss 0.12776 (0.1284)	
Epoch: [19][70/396]	Time 0.057 (0.069)	Speed 9004.819 (7420.624)	Loss 0.12752 (0.1282)	
Epoch: [19][80/396]	Time 0.071 (0.069)	Speed 7231.008 (7396.380)	Loss 0.12493 (0.1278)	
Epoch: [19][90/396]	Time 0.058 (0.068)	Speed 8904.192 (7538.214)	Loss 0.12878 (0.1279)	
Epoch: [19][100/396]	Time 0.070 (0.068)	Speed 7361.177 (7520.128)	Loss 0.12694 (0.1278)	
Epoch: [19][110/396]	Time 0.055 (0.067)	Speed 9232.561 (7649.104)	Loss 0.13100 (0.1281)	
Epoch: [19][120/396]	Time 0.073 (0.067)	Speed 6999.842 (7590.434)	Loss 0.12610 (0.1280)	
Epoch: [19][130/396]	Time 0.056 (0.067)	Speed 9077.694 (7687.316)	Loss 0.12905 (0.1280)	
Epoch: [19][140/396]	Time 0.068 (0.067)	Speed 7557.007 (7677.859)	Loss 0.13089 (0.1282)	
Epoch: [19][150/396]	Time 0.061 (0.066)	Speed 8357.278 (7719.698)	Loss 0.12951 (0.1283)	
Epoch: [19][160/396]	Time 0.072 (0.067)	Speed 7130.399 (7680.028)	Loss 0.12676 (0.1282)	
Epoch: [19][170/396]	Time 0.059 (0.066)	Speed 8702.256 (7733.465)	Loss 0.12663 (0.1281)	
Epoch: [19][180/396]	Time 0.068 (0.066)	Speed 7550.680 (7723.078)	Loss 0.13116 (0.1283)	
Epoch: [19][190/396]	Time 0.059 (0.066)	Speed 8647.875 (7766.793)	Loss 0.12693 (0.1282)	
Epoch: [19][200/396]	Time 0.071 (0.066)	Speed 7164.051 (7734.257)	Loss 0.12498 (0.1281)	
Epoch: [19][210/396]	Time 0.056 (0.066)	Speed 9084.537 (7789.389)	Loss 0.13111 (0.1282)	
Epoch: [19][220/396]	Time 0.074 (0.066)	Speed 6919.639 (7745.139)	Loss 0.13147 (0.1284)	
Epoch: [19][230/396]	Time 0.059 (0.066)	Speed 8750.096 (7784.008)	Loss 0.12821 (0.1284)	
Epoch: [19][240/396]	Time 0.066 (0.066)	Speed 7800.145 (7784.679)	Loss 0.12493 (0.1282)	
Epoch: [19][250/396]	Time 0.066 (0.066)	Speed 7812.909 (7785.805)	Loss 0.12850 (0.1282)	
Epoch: [19][260/396]	Time 0.062 (0.066)	Speed 8244.231 (7802.492)	Loss 0.12736 (0.1282)	
Epoch: [19][270/396]	Time 0.064 (0.066)	Speed 7968.269 (7808.508)	Loss 0.12856 (0.1282)	
Epoch: [19][280/396]	Time 0.065 (0.066)	Speed 7921.593 (7812.492)	Loss 0.12686 (0.1282)	
Epoch: [19][290/396]	Time 0.061 (0.065)	Speed 8396.762 (7831.282)	Loss 0.12550 (0.1281)	
Epoch: [19][300/396]	Time 0.067 (0.065)	Speed 7609.591 (7823.684)	Loss 0.13202 (0.1282)	
Epoch: [19][310/396]	Time 0.060 (0.065)	Speed 8467.251 (7842.914)	Loss 0.12699 (0.1282)	
Epoch: [19][320/396]	Time 0.066 (0.065)	Speed 7751.966 (7840.039)	Loss 0.13037 (0.1282)	
Epoch: [19][330/396]	Time 0.058 (0.065)	Speed 8789.207 (7865.780)	Loss 0.12805 (0.1282)	
Epoch: [19][340/396]	Time 0.066 (0.065)	Speed 7740.549 (7862.039)	Loss 0.12852 (0.1282)	
Epoch: [19][350/396]	Time 0.061 (0.065)	Speed 8459.929 (7877.946)	Loss 0.12972 (0.1283)	
Epoch: [19][360/396]	Time 0.063 (0.065)	Speed 8149.255 (7885.239)	Loss 0.12900 (0.1283)	
Epoch: [19][370/396]	Time 0.060 (0.065)	Speed 8505.566 (7900.812)	Loss 0.12900 (0.1283)	
Epoch: [19][380/396]	Time 0.065 (0.065)	Speed 7932.745 (7901.649)	Loss 0.12687 (0.1283)	
Epoch: [19][390/396]	Time 0.054 (0.065)	Speed 9412.529 (7934.306)	Loss 0.12548 (0.1282)	
[Training] Epoch:19 total_time: 25.495
